<?xml version="1.0" encoding="UTF-8"?>
<!-- Generated by org.testng.reporters.JUnitXMLReporter -->
<testsuite ignored="5" hostname="AST-LP-HL2360" failures="1" tests="10" name="Modules addition and Fetching Price And Error Report" time="51.132" errors="0" timestamp="2025-11-10T00:26:34 IST">
  <testcase classname="test.DeleteAllRoomsInFloorTest" name="resetFloorPlan" time="0.661"/>
  <testcase classname="test.DeleteAllRoomsInFloorTest" name="deleteRooms" time="0.715"/>
  <testcase classname="test.RoomConfigurationWithModuleAdditionTest" name="configureRoomWithModulesAndMaterials" time="3.941"/>
  <testcase classname="test.RoomConfigurationWithModuleAdditionTest" name="configureRoomWithModulesAndMaterials" time="2.742"/>
  <testcase classname="test.RoomConfigurationWithModuleAdditionTest" name="configureRoomWithModulesAndMaterials" time="2.852"/>
  <testcase classname="test.RoomConfigurationWithModuleAdditionTest" name="configureRoomWithModulesAndMaterials" time="2.782"/>
  <testcase classname="test.RoomConfigurationWithModuleAdditionTest" name="configureRoomWithModulesAndMaterials" time="2.795"/>
  <testcase classname="test.DefaultModulePriceAndErrorReportTest" name="computeLatestAndUpdateToLatestProjectPriceTest" time="31.628">
    <failure type="java.lang.AssertionError" message="{
    &amp;quot;errorId&amp;quot;: &amp;quot;8c52710e-5925-4320-87e6-c4562eace601&amp;quot;,
    &amp;quot;date&amp;quot;: &amp;quot;2025-11-09T18:56:32.603+00:00&amp;quot;,
    &amp;quot;message&amp;quot;: &amp;quot;No value present&amp;quot;,
    &amp;quot;details&amp;quot;: &amp;quot;[The stacktrace has been enhanced by Reactor, refer to additional information below: \nError has been observed at the following site(s):\n\t*__checkpoint ⇢ Handler com.homelane.spacecraft.scbackend.resources.price.PriceController#currentAndOldProjectPrice(String) [DispatcherHandler]\nOriginal Stack Trace:]&amp;quot;
} expected [200] but found [500]">
      <![CDATA[java.lang.AssertionError: {
    "errorId": "8c52710e-5925-4320-87e6-c4562eace601",
    "date": "2025-11-09T18:56:32.603+00:00",
    "message": "No value present",
    "details": "[The stacktrace has been enhanced by Reactor, refer to additional information below: \nError has been observed at the following site(s):\n\t*__checkpoint ⇢ Handler com.homelane.spacecraft.scbackend.resources.price.PriceController#currentAndOldProjectPrice(String) [DispatcherHandler]\nOriginal Stack Trace:]"
} expected [200] but found [500]
at services.ScBackendService.computeLatestProjectPrice(ScBackendService.java:87)
at test.DefaultModulePriceAndErrorReportTest.computeLatestAndUpdateToLatestProjectPriceTest(DefaultModulePriceAndErrorReportTest.java:104)
at java.base/java.util.ArrayList.forEach(ArrayList.java:1597)
at autoqa.controller.TestController.executeTest(TestController.java:208)
at autoqa.controller.TestController.lambda$runTestSuiteAsync$0(TestController.java:132)
at java.base/java.util.concurrent.ThreadPoolExecutor.runWorker(ThreadPoolExecutor.java:1144)
at java.base/java.util.concurrent.ThreadPoolExecutor$Worker.run(ThreadPoolExecutor.java:642)
at java.base/java.lang.Thread.run(Thread.java:1575)
... Removed 28 stack frames]]>
    </failure>
  </testcase> <!-- computeLatestAndUpdateToLatestProjectPriceTest -->
  <testcase classname="test.DefaultModulePriceAndErrorReportTest" name="extractAllModulePriceFromProject" time="1.36"/>
  <testcase classname="test.DefaultModulePriceAndErrorReportTest" name="extractAllPricingErrorsFromProject" time="1.338"/>
  <testcase classname="configurator.BaseClass" name="@BeforeSuite beforeSuite" time="0.0">
    <ignored/>
  </testcase> <!-- @BeforeSuite beforeSuite -->
  <testcase classname="configurator.BaseClass" name="@AfterSuite afterSuite" time="0.0">
    <ignored/>
  </testcase> <!-- @AfterSuite afterSuite -->
  <testcase classname="configurator.BaseClass" name="@BeforeSuite beforeSuite" time="0.0">
    <ignored/>
  </testcase> <!-- @BeforeSuite beforeSuite -->
  <testcase classname="configurator.BaseClass" name="@AfterSuite afterSuite" time="0.0">
    <ignored/>
  </testcase> <!-- @AfterSuite afterSuite -->
  <testcase classname="test.DefaultModulePriceAndErrorReportTest" name="processMultipleRoomTypes" time="0.0">
    <ignored/>
  </testcase> <!-- processMultipleRoomTypes -->
</testsuite> <!-- Modules addition and Fetching Price And Error Report -->
