<?xml version="1.0" encoding="UTF-8"?>
<!-- Generated by org.testng.reporters.JUnitXMLReporter -->
<testsuite ignored="5" hostname="AST-LP-HL2360" failures="0" tests="10" name="Modules addition and Fetching Price And Error Report" time="62.18" errors="0" timestamp="2025-11-09T15:20:18 IST">
  <testcase classname="test.DeleteAllRoomsInFloorTest" name="resetFloorPlan" time="0.596"/>
  <testcase classname="test.DeleteAllRoomsInFloorTest" name="deleteRooms" time="0.468"/>
  <testcase classname="test.RoomConfigurationWithModuleAdditionTest" name="configureRoomWithModulesAndMaterials" time="3.171"/>
  <testcase classname="test.RoomConfigurationWithModuleAdditionTest" name="configureRoomWithModulesAndMaterials" time="2.632"/>
  <testcase classname="test.RoomConfigurationWithModuleAdditionTest" name="configureRoomWithModulesAndMaterials" time="2.648"/>
  <testcase classname="test.RoomConfigurationWithModuleAdditionTest" name="configureRoomWithModulesAndMaterials" time="2.46"/>
  <testcase classname="test.RoomConfigurationWithModuleAdditionTest" name="configureRoomWithModulesAndMaterials" time="2.967"/>
  <testcase classname="test.DefaultModulePriceAndErrorReportTest" name="computeLatestAndUpdateToLatestProjectPriceTest" time="43.281"/>
  <testcase classname="test.DefaultModulePriceAndErrorReportTest" name="extractAllModulePriceFromProject" time="2.304"/>
  <testcase classname="test.DefaultModulePriceAndErrorReportTest" name="extractAllPricingErrorsFromProject" time="1.491"/>
  <testcase classname="configurator.BaseClass" name="@BeforeSuite beforeSuite" time="0.0">
    <ignored/>
  </testcase> <!-- @BeforeSuite beforeSuite -->
  <testcase classname="configurator.BaseClass" name="@AfterSuite afterSuite" time="0.0">
    <ignored/>
  </testcase> <!-- @AfterSuite afterSuite -->
  <testcase classname="configurator.BaseClass" name="@BeforeSuite beforeSuite" time="0.0">
    <ignored/>
  </testcase> <!-- @BeforeSuite beforeSuite -->
  <testcase classname="test.DefaultModulePriceAndErrorReportTest" name="processMultipleRoomTypes" time="0.0">
    <ignored/>
  </testcase> <!-- processMultipleRoomTypes -->
  <testcase classname="configurator.BaseClass" name="@AfterSuite afterSuite" time="0.0">
    <ignored/>
  </testcase> <!-- @AfterSuite afterSuite -->
</testsuite> <!-- Modules addition and Fetching Price And Error Report -->
