<html>
<head>
<title>TestNG:  Modules addition and Fetching Price And Error Report</title>
<link href="../testng.css" rel="stylesheet" type="text/css" />
<link href="../my-testng.css" rel="stylesheet" type="text/css" />

<style type="text/css">
.log { display: none;} 
.stack-trace { display: none;} 
</style>
<script type="text/javascript">
<!--
function flip(e) {
  current = e.style.display;
  if (current == 'block') {
    e.style.display = 'none';
    return 0;
  }
  else {
    e.style.display = 'block';
    return 1;
  }
}

function toggleBox(szDivId, elem, msg1, msg2)
{
  var res = -1;  if (document.getElementById) {
    res = flip(document.getElementById(szDivId));
  }
  else if (document.all) {
    // this is the way old msie versions work
    res = flip(document.all[szDivId]);
  }
  if(elem) {
    if(res == 0) elem.innerHTML = msg1; else elem.innerHTML = msg2;
  }

}

function toggleAllBoxes() {
  if (document.getElementsByTagName) {
    d = document.getElementsByTagName('div');
    for (i = 0; i < d.length; i++) {
      if (d[i].className == 'log') {
        flip(d[i]);
      }
    }
  }
}

// -->
</script>

</head>
<body>
<h2 align='center'>Modules addition and Fetching Price And Error Report</h2><table border='1' align="center">
<tr>
<td>Tests passed/Failed/Skipped:</td><td>9/1/0</td>
</tr><tr>
<td>Started on:</td><td>Mon Nov 10 00:25:43 IST 2025</td>
</tr>
<tr><td>Total time:</td><td>51 seconds (51132 ms)</td>
</tr><tr>
<td>Included groups:</td><td></td>
</tr><tr>
<td>Excluded groups:</td><td></td>
</tr>
</table><p/>
<small><i>(Hover the method name to see the test class name)</i></small><p/>
<table width='100%' border='1' class='invocation-failed'>
<tr><td colspan='4' align='center'><b>FAILED TESTS</b></td></tr>
<tr><td><b>Test method</b></td>
<td><b>Attribute(s)</b></td>
<td width="30%"><b>Exception</b></td>
<td width="10%"><b>Time (seconds)</b></td>
<td><b>Instance</b></td>
</tr>
<tr>
<td title='test.DefaultModulePriceAndErrorReportTest.computeLatestAndUpdateToLatestProjectPriceTest()'><b>computeLatestAndUpdateToLatestProjectPriceTest</b><br>Test class: test.DefaultModulePriceAndErrorReportTest</td>
<td><div><pre>java.lang.AssertionError: {
    &quot;errorId&quot;: &quot;8c52710e-5925-4320-87e6-c4562eace601&quot;,
    &quot;date&quot;: &quot;2025-11-09T18:56:32.603+00:00&quot;,
    &quot;message&quot;: &quot;No value present&quot;,
    &quot;details&quot;: &quot;[The stacktrace has been enhanced by Reactor, refer to additional information below: \nError has been observed at the following site(s):\n\t*__checkpoint ⇢ Handler com.homelane.spacecraft.scbackend.resources.price.PriceController#currentAndOldProjectPrice(String) [DispatcherHandler]\nOriginal Stack Trace:]&quot;
} expected [200] but found [500]
	at services.ScBackendService.computeLatestProjectPrice(ScBackendService.java:87)
	at test.DefaultModulePriceAndErrorReportTest.computeLatestAndUpdateToLatestProjectPriceTest(DefaultModulePriceAndErrorReportTest.java:104)
	at java.base/java.util.ArrayList.forEach(ArrayList.java:1597)
	at autoqa.controller.TestController.executeTest(TestController.java:208)
	at autoqa.controller.TestController.lambda$runTestSuiteAsync$0(TestController.java:132)
	at java.base/java.util.concurrent.ThreadPoolExecutor.runWorker(ThreadPoolExecutor.java:1144)
	at java.base/java.util.concurrent.ThreadPoolExecutor$Worker.run(ThreadPoolExecutor.java:642)
	at java.base/java.lang.Thread.run(Thread.java:1575)
... Removed 28 stack frames</pre></div><a href='#' onClick='toggleBox("stack-trace586156626", this, "Click to show all stack frames", "Click to hide stack frames")'>Click to show all stack frames</a>
<div class='stack-trace' id='stack-trace586156626'><pre>java.lang.AssertionError: {
    &quot;errorId&quot;: &quot;8c52710e-5925-4320-87e6-c4562eace601&quot;,
    &quot;date&quot;: &quot;2025-11-09T18:56:32.603+00:00&quot;,
    &quot;message&quot;: &quot;No value present&quot;,
    &quot;details&quot;: &quot;[The stacktrace has been enhanced by Reactor, refer to additional information below: \nError has been observed at the following site(s):\n\t*__checkpoint ⇢ Handler com.homelane.spacecraft.scbackend.resources.price.PriceController#currentAndOldProjectPrice(String) [DispatcherHandler]\nOriginal Stack Trace:]&quot;
} expected [200] but found [500]
	at org.testng.Assert.fail(Assert.java:111)
	at org.testng.Assert.failNotEquals(Assert.java:1578)
	at org.testng.Assert.assertEqualsImpl(Assert.java:150)
	at org.testng.Assert.assertEquals(Assert.java:132)
	at org.testng.Assert.assertEquals(Assert.java:1419)
	at org.testng.Assert.assertEquals(Assert.java:1383)
	at services.ScBackendService.computeLatestProjectPrice(ScBackendService.java:87)
	at test.DefaultModulePriceAndErrorReportTest.computeLatestAndUpdateToLatestProjectPriceTest(DefaultModulePriceAndErrorReportTest.java:104)
	at java.base/jdk.internal.reflect.DirectMethodHandleAccessor.invoke(DirectMethodHandleAccessor.java:103)
	at java.base/java.lang.reflect.Method.invoke(Method.java:580)
	at org.testng.internal.invokers.MethodInvocationHelper.invokeMethod(MethodInvocationHelper.java:141)
	at org.testng.internal.invokers.TestInvoker.invokeMethod(TestInvoker.java:686)
	at org.testng.internal.invokers.TestInvoker.invokeTestMethod(TestInvoker.java:230)
	at org.testng.internal.invokers.MethodRunner.runInSequence(MethodRunner.java:63)
	at org.testng.internal.invokers.TestInvoker$MethodInvocationAgent.invoke(TestInvoker.java:992)
	at org.testng.internal.invokers.TestInvoker.invokeTestMethods(TestInvoker.java:203)
	at org.testng.internal.invokers.TestMethodWorker.invokeTestMethods(TestMethodWorker.java:154)
	at org.testng.internal.invokers.TestMethodWorker.run(TestMethodWorker.java:134)
	at java.base/java.util.ArrayList.forEach(ArrayList.java:1597)
	at org.testng.TestRunner.privateRun(TestRunner.java:739)
	at org.testng.TestRunner.run(TestRunner.java:614)
	at org.testng.SuiteRunner.runTest(SuiteRunner.java:421)
	at org.testng.SuiteRunner.runSequentially(SuiteRunner.java:413)
	at org.testng.SuiteRunner.privateRun(SuiteRunner.java:373)
	at org.testng.SuiteRunner.run(SuiteRunner.java:312)
	at org.testng.SuiteRunnerWorker.runSuite(SuiteRunnerWorker.java:52)
	at org.testng.SuiteRunnerWorker.run(SuiteRunnerWorker.java:95)
	at org.testng.TestNG.runSuitesSequentially(TestNG.java:1274)
	at org.testng.TestNG.runSuitesLocally(TestNG.java:1208)
	at org.testng.TestNG.runSuites(TestNG.java:1112)
	at org.testng.TestNG.run(TestNG.java:1079)
	at autoqa.controller.TestController.executeTest(TestController.java:208)
	at autoqa.controller.TestController.lambda$runTestSuiteAsync$0(TestController.java:132)
	at java.base/java.util.concurrent.ThreadPoolExecutor.runWorker(ThreadPoolExecutor.java:1144)
	at java.base/java.util.concurrent.ThreadPoolExecutor$Worker.run(ThreadPoolExecutor.java:642)
	at java.base/java.lang.Thread.run(Thread.java:1575)
</pre></div></td>
<td>31</td>
<td>test.DefaultModulePriceAndErrorReportTest@522706d9</td></tr>
</table><p>
<table width='100%' border='1' class='invocation-passed'>
<tr><td colspan='4' align='center'><b>PASSED TESTS</b></td></tr>
<tr><td><b>Test method</b></td>
<td><b>Attribute(s)</b></td>
<td width="30%"><b>Exception</b></td>
<td width="10%"><b>Time (seconds)</b></td>
<td><b>Instance</b></td>
</tr>
<tr>
<td title='test.DeleteAllRoomsInFloorTest.resetFloorPlan()'><b>resetFloorPlan</b><br>Test class: test.DeleteAllRoomsInFloorTest</td>
<td></td>
<td>0</td>
<td>test.DeleteAllRoomsInFloorTest@3730dfdc</td></tr>
<tr>
<td title='test.RoomConfigurationWithModuleAdditionTest.configureRoomWithModulesAndMaterials()'><b>configureRoomWithModulesAndMaterials</b><br>Test class: test.RoomConfigurationWithModuleAdditionTest<br>Parameters: {s.no=2, internalName=HW1ID2FS3RS-1S-DC, internalId=15490, width=600, depth=580, height=2400, moduleName=HW-1S-S-DC, moduleId=13732, =}</td>
<td></td>
<td>2</td>
<td>test.RoomConfigurationWithModuleAdditionTest@94951cd</td></tr>
<tr>
<td title='test.DefaultModulePriceAndErrorReportTest.extractAllPricingErrorsFromProject()'><b>extractAllPricingErrorsFromProject</b><br>Test class: test.DefaultModulePriceAndErrorReportTest</td>
<td></td>
<td>1</td>
<td>test.DefaultModulePriceAndErrorReportTest@522706d9</td></tr>
<tr>
<td title='test.DeleteAllRoomsInFloorTest.deleteRooms()'><b>deleteRooms</b><br>Test class: test.DeleteAllRoomsInFloorTest</td>
<td></td>
<td>0</td>
<td>test.DeleteAllRoomsInFloorTest@3730dfdc</td></tr>
<tr>
<td title='test.DefaultModulePriceAndErrorReportTest.extractAllModulePriceFromProject()'><b>extractAllModulePriceFromProject</b><br>Test class: test.DefaultModulePriceAndErrorReportTest</td>
<td></td>
<td>1</td>
<td>test.DefaultModulePriceAndErrorReportTest@522706d9</td></tr>
<tr>
<td title='test.RoomConfigurationWithModuleAdditionTest.configureRoomWithModulesAndMaterials()'><b>configureRoomWithModulesAndMaterials</b><br>Test class: test.RoomConfigurationWithModuleAdditionTest<br>Parameters: {s.no=4, internalName=HW1ID2FS3RS-1S-350D-DC, internalId=15492, width=600, depth=520, height=2400, moduleName=HW-1S-S-DC, moduleId=13732, =}</td>
<td></td>
<td>2</td>
<td>test.RoomConfigurationWithModuleAdditionTest@94951cd</td></tr>
<tr>
<td title='test.RoomConfigurationWithModuleAdditionTest.configureRoomWithModulesAndMaterials()'><b>configureRoomWithModulesAndMaterials</b><br>Test class: test.RoomConfigurationWithModuleAdditionTest<br>Parameters: {s.no=1, internalName=HW2FS4RS1HR-1S-DC, internalId=15481, width=600, depth=580, height=2400, moduleName=HW-1S-S-DC, moduleId=13732, =}</td>
<td></td>
<td>3</td>
<td>test.RoomConfigurationWithModuleAdditionTest@94951cd</td></tr>
<tr>
<td title='test.RoomConfigurationWithModuleAdditionTest.configureRoomWithModulesAndMaterials()'><b>configureRoomWithModulesAndMaterials</b><br>Test class: test.RoomConfigurationWithModuleAdditionTest<br>Parameters: {s.no=3, internalName=HW1ID2FS3RS-1S-400D-DC, internalId=15491, width=600, depth=570, height=2400, moduleName=HW-1S-S-DC, moduleId=13732, =}</td>
<td></td>
<td>2</td>
<td>test.RoomConfigurationWithModuleAdditionTest@94951cd</td></tr>
<tr>
<td title='test.RoomConfigurationWithModuleAdditionTest.configureRoomWithModulesAndMaterials()'><b>configureRoomWithModulesAndMaterials</b><br>Test class: test.RoomConfigurationWithModuleAdditionTest<br>Parameters: {s.no=5, internalName=HW1ID2FS3RS-1S-300D-DC, internalId=15493, width=600, depth=470, height=2400, moduleName=HW-1S-S-DC, moduleId=13732, =}</td>
<td></td>
<td>2</td>
<td>test.RoomConfigurationWithModuleAdditionTest@94951cd</td></tr>
</table><p>
</body>
</html>