<?xml version="1.0" encoding="UTF-8"?>
<!-- Generated by org.testng.reporters.JUnitXMLReporter -->
<testsuite ignored="4" hostname="AST-LP-HL2360" failures="0" tests="8" name="ApplyInternalsTest" time="20.026" errors="0" timestamp="2025-11-09T12:35:55 IST">
  <testcase classname="test.DeleteAllRoomsInFloorTest" name="resetFloorPlan" time="1.137"/>
  <testcase classname="test.DeleteAllRoomsInFloorTest" name="deleteRooms" time="0.65"/>
  <testcase classname="test.RoomConfigurationWithModuleAdditionTest" name="configureRoomWithModulesAndMaterials" time="4.342"/>
  <testcase classname="test.RoomConfigurationWithModuleAdditionTest" name="configureRoomWithModulesAndMaterials" time="3.132"/>
  <testcase classname="test.RoomConfigurationWithModuleAdditionTest" name="configureRoomWithModulesAndMaterials" time="3.06"/>
  <testcase classname="test.RoomConfigurationWithModuleAdditionTest" name="configureRoomWithModulesAndMaterials" time="3.231"/>
  <testcase classname="test.RoomConfigurationWithModuleAdditionTest" name="configureRoomWithModulesAndMaterials" time="3.202"/>
  <testcase classname="test.FetchPricesForModulesTest" name="testGeneratePanelPriceSumReport" time="1.247"/>
  <testcase classname="configurator.BaseClass" name="@BeforeSuite beforeSuite" time="0.0">
    <ignored/>
  </testcase> <!-- @BeforeSuite beforeSuite -->
  <testcase classname="configurator.BaseClass" name="@BeforeSuite beforeSuite" time="0.0">
    <ignored/>
  </testcase> <!-- @BeforeSuite beforeSuite -->
  <testcase classname="configurator.BaseClass" name="@AfterSuite afterSuite" time="0.0">
    <ignored/>
  </testcase> <!-- @AfterSuite afterSuite -->
  <testcase classname="configurator.BaseClass" name="@AfterSuite afterSuite" time="0.0">
    <ignored/>
  </testcase> <!-- @AfterSuite afterSuite -->
</testsuite> <!-- ApplyInternalsTest -->
