<?xml version="1.0" encoding="UTF-8"?>
<testng-results ignored="0" total="15" passed="15" failed="0" skipped="0">
  <reporter-output>
  </reporter-output>
  <suite started-at="2025-08-08T20:16:31 IST" name="Sample Test Suite" finished-at="2025-08-08T20:18:39 IST" duration-ms="127734">
    <groups>
    </groups>
    <test started-at="2025-08-08T20:16:31 IST" name="checking testng" finished-at="2025-08-08T20:18:39 IST" duration-ms="127734">
      <class name="test.DefaultModulePriceAndErrorReportTest">
        <test-method signature="computeLatestAndUpdateToLatestProjectPriceTest()[pri:0, instance:test.DefaultModulePriceAndErrorReportTest@6e321d9d]" started-at="2025-08-08T20:18:24 IST" name="computeLatestAndUpdateToLatestProjectPriceTest" finished-at="2025-08-08T20:18:34 IST" duration-ms="9508" status="PASS">
          <reporter-output>
          </reporter-output>
        </test-method> <!-- computeLatestAndUpdateToLatestProjectPriceTest -->
        <test-method is-config="true" signature="beforeMethod(org.testng.ITestContext,java.lang.reflect.Method)[pri:0, instance:test.DefaultModulePriceAndErrorReportTest@6e321d9d]" started-at="2025-08-08T20:18:24 IST" name="beforeMethod" finished-at="2025-08-08T20:18:24 IST" duration-ms="0" status="PASS">
          <params>
            <param index="0">
              <value>
                <![CDATA[org.testng.TestRunner@882c166]]>
              </value>
            </param>
            <param index="1">
              <value>
                <![CDATA[public void test.DefaultModulePriceAndErrorReportTest.computeLatestAndUpdateToLatestProjectPriceTest() throws java.lang.InterruptedException]]>
              </value>
            </param>
          </params>
          <reporter-output>
          </reporter-output>
        </test-method> <!-- beforeMethod -->
        <test-method is-config="true" signature="afterMethod(org.testng.ITestResult,java.lang.reflect.Method)[pri:0, instance:test.DefaultModulePriceAndErrorReportTest@6e321d9d]" started-at="2025-08-08T20:18:34 IST" name="afterMethod" finished-at="2025-08-08T20:18:34 IST" duration-ms="0" status="PASS">
          <params>
            <param index="0">
              <value>
                <![CDATA[[TestResult name=computeLatestAndUpdateToLatestProjectPriceTest status=SUCCESS method=DefaultModulePriceAndErrorReportTest.computeLatestAndUpdateToLatestProjectPriceTest()[pri:0, instance:test.DefaultModulePriceAndErrorReportTest@6e321d9d] output={null}]]]>
              </value>
            </param>
            <param index="1">
              <value>
                <![CDATA[public void test.DefaultModulePriceAndErrorReportTest.computeLatestAndUpdateToLatestProjectPriceTest() throws java.lang.InterruptedException]]>
              </value>
            </param>
          </params>
          <reporter-output>
          </reporter-output>
        </test-method> <!-- afterMethod -->
        <test-method is-config="true" signature="beforeMethod(org.testng.ITestContext,java.lang.reflect.Method)[pri:0, instance:test.DefaultModulePriceAndErrorReportTest@6e321d9d]" started-at="2025-08-08T20:18:34 IST" name="beforeMethod" finished-at="2025-08-08T20:18:34 IST" duration-ms="14" status="PASS">
          <params>
            <param index="0">
              <value>
                <![CDATA[org.testng.TestRunner@882c166]]>
              </value>
            </param>
            <param index="1">
              <value>
                <![CDATA[public void test.DefaultModulePriceAndErrorReportTest.extractAllModulePriceFromProject() throws java.lang.Exception]]>
              </value>
            </param>
          </params>
          <reporter-output>
          </reporter-output>
        </test-method> <!-- beforeMethod -->
        <test-method signature="extractAllModulePriceFromProject()[pri:1, instance:test.DefaultModulePriceAndErrorReportTest@6e321d9d]" started-at="2025-08-08T20:18:34 IST" name="extractAllModulePriceFromProject" finished-at="2025-08-08T20:18:37 IST" duration-ms="2936" status="PASS">
          <reporter-output>
          </reporter-output>
        </test-method> <!-- extractAllModulePriceFromProject -->
        <test-method signature="extractAllPricingErrorsFromProject()[pri:2, instance:test.DefaultModulePriceAndErrorReportTest@6e321d9d]" started-at="2025-08-08T20:18:37 IST" name="extractAllPricingErrorsFromProject" finished-at="2025-08-08T20:18:39 IST" duration-ms="2386" status="PASS">
          <reporter-output>
          </reporter-output>
        </test-method> <!-- extractAllPricingErrorsFromProject -->
        <test-method is-config="true" signature="beforeMethod(org.testng.ITestContext,java.lang.reflect.Method)[pri:0, instance:test.DefaultModulePriceAndErrorReportTest@6e321d9d]" started-at="2025-08-08T20:18:37 IST" name="beforeMethod" finished-at="2025-08-08T20:18:37 IST" duration-ms="0" status="PASS">
          <params>
            <param index="0">
              <value>
                <![CDATA[org.testng.TestRunner@882c166]]>
              </value>
            </param>
            <param index="1">
              <value>
                <![CDATA[public void test.DefaultModulePriceAndErrorReportTest.extractAllPricingErrorsFromProject() throws java.lang.Exception]]>
              </value>
            </param>
          </params>
          <reporter-output>
          </reporter-output>
        </test-method> <!-- beforeMethod -->
        <test-method is-config="true" signature="afterMethod(org.testng.ITestResult,java.lang.reflect.Method)[pri:0, instance:test.DefaultModulePriceAndErrorReportTest@6e321d9d]" started-at="2025-08-08T20:18:37 IST" name="afterMethod" finished-at="2025-08-08T20:18:37 IST" duration-ms="0" status="PASS">
          <params>
            <param index="0">
              <value>
                <![CDATA[[TestResult name=extractAllModulePriceFromProject status=SUCCESS method=DefaultModulePriceAndErrorReportTest.extractAllModulePriceFromProject()[pri:1, instance:test.DefaultModulePriceAndErrorReportTest@6e321d9d] output={null}]]]>
              </value>
            </param>
            <param index="1">
              <value>
                <![CDATA[public void test.DefaultModulePriceAndErrorReportTest.extractAllModulePriceFromProject() throws java.lang.Exception]]>
              </value>
            </param>
          </params>
          <reporter-output>
          </reporter-output>
        </test-method> <!-- afterMethod -->
        <test-method is-config="true" signature="afterMethod(org.testng.ITestResult,java.lang.reflect.Method)[pri:0, instance:test.DefaultModulePriceAndErrorReportTest@6e321d9d]" started-at="2025-08-08T20:18:39 IST" name="afterMethod" finished-at="2025-08-08T20:18:39 IST" duration-ms="0" status="PASS">
          <params>
            <param index="0">
              <value>
                <![CDATA[[TestResult name=extractAllPricingErrorsFromProject status=SUCCESS method=DefaultModulePriceAndErrorReportTest.extractAllPricingErrorsFromProject()[pri:2, instance:test.DefaultModulePriceAndErrorReportTest@6e321d9d] output={null}]]]>
              </value>
            </param>
            <param index="1">
              <value>
                <![CDATA[public void test.DefaultModulePriceAndErrorReportTest.extractAllPricingErrorsFromProject() throws java.lang.Exception]]>
              </value>
            </param>
          </params>
          <reporter-output>
          </reporter-output>
        </test-method> <!-- afterMethod -->
      </class> <!-- test.DefaultModulePriceAndErrorReportTest -->
      <class name="test.RoomConfigurationWithModuleAdditionTest">
        <test-method signature="processMultipleRoomTypes(java.util.Map)[pri:0, instance:test.RoomConfigurationWithModuleAdditionTest@605c7a9e]" started-at="2025-08-08T20:16:34 IST" name="processMultipleRoomTypes" data-provider="MiscModuleDataProvider" finished-at="2025-08-08T20:16:44 IST" duration-ms="10766" status="PASS">
          <params>
            <param index="0">
              <value>
                <![CDATA[{shutterCoreCode=10075, depth=330, shutterCategory=WOODEN, moduleName=B1S, width=600, s.no=1, moduleId=10002, shutterFinishCode=10004-10005, carcassCode=10005, height=750, shutterColourCode=10053, carcassColourCode=10609}]]>
              </value>
            </param>
          </params>
          <reporter-output>
          </reporter-output>
        </test-method> <!-- processMultipleRoomTypes -->
        <test-method is-config="true" signature="beforeMethod(org.testng.ITestContext,java.lang.reflect.Method)[pri:0, instance:test.RoomConfigurationWithModuleAdditionTest@605c7a9e]" started-at="2025-08-08T20:16:34 IST" name="beforeMethod" finished-at="2025-08-08T20:16:34 IST" duration-ms="0" status="PASS">
          <params>
            <param index="0">
              <value>
                <![CDATA[org.testng.TestRunner@882c166]]>
              </value>
            </param>
            <param index="1">
              <value>
                <![CDATA[void test.RoomConfigurationWithModuleAdditionTest.processMultipleRoomTypes(java.util.Map)]]>
              </value>
            </param>
          </params>
          <reporter-output>
          </reporter-output>
        </test-method> <!-- beforeMethod -->
        <test-method is-config="true" signature="afterMethod(org.testng.ITestResult,java.lang.reflect.Method)[pri:0, instance:test.RoomConfigurationWithModuleAdditionTest@605c7a9e]" started-at="2025-08-08T20:16:44 IST" name="afterMethod" finished-at="2025-08-08T20:16:44 IST" duration-ms="1" status="PASS">
          <params>
            <param index="0">
              <value>
                <![CDATA[[TestResult name=processMultipleRoomTypes status=SUCCESS method=RoomConfigurationWithModuleAdditionTest.processMultipleRoomTypes(java.util.Map)[pri:0, instance:test.RoomConfigurationWithModuleAdditionTest@605c7a9e] output={null}]]]>
              </value>
            </param>
            <param index="1">
              <value>
                <![CDATA[void test.RoomConfigurationWithModuleAdditionTest.processMultipleRoomTypes(java.util.Map)]]>
              </value>
            </param>
          </params>
          <reporter-output>
          </reporter-output>
        </test-method> <!-- afterMethod -->
        <test-method signature="processMultipleRoomTypes(java.util.Map)[pri:0, instance:test.RoomConfigurationWithModuleAdditionTest@605c7a9e]" started-at="2025-08-08T20:16:44 IST" name="processMultipleRoomTypes" data-provider="MiscModuleDataProvider" finished-at="2025-08-08T20:16:53 IST" duration-ms="8919" status="PASS">
          <params>
            <param index="0">
              <value>
                <![CDATA[{shutterCoreCode=10075, depth=500, shutterCategory=WOODEN, moduleName=G1S, width=600, s.no=2, moduleId=10004, shutterFinishCode=10004-10005, carcassCode=10005, height=850, shutterColourCode=10053, carcassColourCode=10609}]]>
              </value>
            </param>
          </params>
          <reporter-output>
          </reporter-output>
        </test-method> <!-- processMultipleRoomTypes -->
        <test-method is-config="true" signature="beforeMethod(org.testng.ITestContext,java.lang.reflect.Method)[pri:0, instance:test.RoomConfigurationWithModuleAdditionTest@605c7a9e]" started-at="2025-08-08T20:16:44 IST" name="beforeMethod" finished-at="2025-08-08T20:16:44 IST" duration-ms="0" status="PASS">
          <params>
            <param index="0">
              <value>
                <![CDATA[org.testng.TestRunner@882c166]]>
              </value>
            </param>
            <param index="1">
              <value>
                <![CDATA[void test.RoomConfigurationWithModuleAdditionTest.processMultipleRoomTypes(java.util.Map)]]>
              </value>
            </param>
          </params>
          <reporter-output>
          </reporter-output>
        </test-method> <!-- beforeMethod -->
        <test-method is-config="true" signature="afterMethod(org.testng.ITestResult,java.lang.reflect.Method)[pri:0, instance:test.RoomConfigurationWithModuleAdditionTest@605c7a9e]" started-at="2025-08-08T20:16:53 IST" name="afterMethod" finished-at="2025-08-08T20:16:53 IST" duration-ms="1" status="PASS">
          <params>
            <param index="0">
              <value>
                <![CDATA[[TestResult name=processMultipleRoomTypes status=SUCCESS method=RoomConfigurationWithModuleAdditionTest.processMultipleRoomTypes(java.util.Map)[pri:0, instance:test.RoomConfigurationWithModuleAdditionTest@605c7a9e] output={null}]]]>
              </value>
            </param>
            <param index="1">
              <value>
                <![CDATA[void test.RoomConfigurationWithModuleAdditionTest.processMultipleRoomTypes(java.util.Map)]]>
              </value>
            </param>
          </params>
          <reporter-output>
          </reporter-output>
        </test-method> <!-- afterMethod -->
        <test-method signature="processMultipleRoomTypes(java.util.Map)[pri:0, instance:test.RoomConfigurationWithModuleAdditionTest@605c7a9e]" started-at="2025-08-08T20:16:53 IST" name="processMultipleRoomTypes" data-provider="MiscModuleDataProvider" finished-at="2025-08-08T20:17:04 IST" duration-ms="10476" status="PASS">
          <params>
            <param index="0">
              <value>
                <![CDATA[{shutterCoreCode=10075, depth=330, shutterCategory=WOODEN, moduleName=B2S, width=1200, s.no=3, moduleId=10005, shutterFinishCode=10004-10005, carcassCode=10005, height=750, shutterColourCode=10053, carcassColourCode=10609}]]>
              </value>
            </param>
          </params>
          <reporter-output>
          </reporter-output>
        </test-method> <!-- processMultipleRoomTypes -->
        <test-method is-config="true" signature="beforeMethod(org.testng.ITestContext,java.lang.reflect.Method)[pri:0, instance:test.RoomConfigurationWithModuleAdditionTest@605c7a9e]" started-at="2025-08-08T20:16:53 IST" name="beforeMethod" finished-at="2025-08-08T20:16:53 IST" duration-ms="0" status="PASS">
          <params>
            <param index="0">
              <value>
                <![CDATA[org.testng.TestRunner@882c166]]>
              </value>
            </param>
            <param index="1">
              <value>
                <![CDATA[void test.RoomConfigurationWithModuleAdditionTest.processMultipleRoomTypes(java.util.Map)]]>
              </value>
            </param>
          </params>
          <reporter-output>
          </reporter-output>
        </test-method> <!-- beforeMethod -->
        <test-method is-config="true" signature="afterMethod(org.testng.ITestResult,java.lang.reflect.Method)[pri:0, instance:test.RoomConfigurationWithModuleAdditionTest@605c7a9e]" started-at="2025-08-08T20:17:04 IST" name="afterMethod" finished-at="2025-08-08T20:17:04 IST" duration-ms="10" status="PASS">
          <params>
            <param index="0">
              <value>
                <![CDATA[[TestResult name=processMultipleRoomTypes status=SUCCESS method=RoomConfigurationWithModuleAdditionTest.processMultipleRoomTypes(java.util.Map)[pri:0, instance:test.RoomConfigurationWithModuleAdditionTest@605c7a9e] output={null}]]]>
              </value>
            </param>
            <param index="1">
              <value>
                <![CDATA[void test.RoomConfigurationWithModuleAdditionTest.processMultipleRoomTypes(java.util.Map)]]>
              </value>
            </param>
          </params>
          <reporter-output>
          </reporter-output>
        </test-method> <!-- afterMethod -->
        <test-method signature="processMultipleRoomTypes(java.util.Map)[pri:0, instance:test.RoomConfigurationWithModuleAdditionTest@605c7a9e]" started-at="2025-08-08T20:17:04 IST" name="processMultipleRoomTypes" data-provider="MiscModuleDataProvider" finished-at="2025-08-08T20:17:12 IST" duration-ms="8640" status="PASS">
          <params>
            <param index="0">
              <value>
                <![CDATA[{shutterCoreCode=10075, depth=540, shutterCategory=WOODEN, moduleName=B1DR, width=900, s.no=4, moduleId=10006, shutterFinishCode=10004-10005, carcassCode=10005, height=375, shutterColourCode=10053, carcassColourCode=10609}]]>
              </value>
            </param>
          </params>
          <reporter-output>
          </reporter-output>
        </test-method> <!-- processMultipleRoomTypes -->
        <test-method is-config="true" signature="beforeMethod(org.testng.ITestContext,java.lang.reflect.Method)[pri:0, instance:test.RoomConfigurationWithModuleAdditionTest@605c7a9e]" started-at="2025-08-08T20:17:04 IST" name="beforeMethod" finished-at="2025-08-08T20:17:04 IST" duration-ms="0" status="PASS">
          <params>
            <param index="0">
              <value>
                <![CDATA[org.testng.TestRunner@882c166]]>
              </value>
            </param>
            <param index="1">
              <value>
                <![CDATA[void test.RoomConfigurationWithModuleAdditionTest.processMultipleRoomTypes(java.util.Map)]]>
              </value>
            </param>
          </params>
          <reporter-output>
          </reporter-output>
        </test-method> <!-- beforeMethod -->
        <test-method is-config="true" signature="beforeMethod(org.testng.ITestContext,java.lang.reflect.Method)[pri:0, instance:test.RoomConfigurationWithModuleAdditionTest@605c7a9e]" started-at="2025-08-08T20:17:12 IST" name="beforeMethod" finished-at="2025-08-08T20:17:12 IST" duration-ms="15" status="PASS">
          <params>
            <param index="0">
              <value>
                <![CDATA[org.testng.TestRunner@882c166]]>
              </value>
            </param>
            <param index="1">
              <value>
                <![CDATA[void test.RoomConfigurationWithModuleAdditionTest.processMultipleRoomTypes(java.util.Map)]]>
              </value>
            </param>
          </params>
          <reporter-output>
          </reporter-output>
        </test-method> <!-- beforeMethod -->
        <test-method is-config="true" signature="afterMethod(org.testng.ITestResult,java.lang.reflect.Method)[pri:0, instance:test.RoomConfigurationWithModuleAdditionTest@605c7a9e]" started-at="2025-08-08T20:17:12 IST" name="afterMethod" finished-at="2025-08-08T20:17:12 IST" duration-ms="0" status="PASS">
          <params>
            <param index="0">
              <value>
                <![CDATA[[TestResult name=processMultipleRoomTypes status=SUCCESS method=RoomConfigurationWithModuleAdditionTest.processMultipleRoomTypes(java.util.Map)[pri:0, instance:test.RoomConfigurationWithModuleAdditionTest@605c7a9e] output={null}]]]>
              </value>
            </param>
            <param index="1">
              <value>
                <![CDATA[void test.RoomConfigurationWithModuleAdditionTest.processMultipleRoomTypes(java.util.Map)]]>
              </value>
            </param>
          </params>
          <reporter-output>
          </reporter-output>
        </test-method> <!-- afterMethod -->
        <test-method signature="processMultipleRoomTypes(java.util.Map)[pri:0, instance:test.RoomConfigurationWithModuleAdditionTest@605c7a9e]" started-at="2025-08-08T20:17:12 IST" name="processMultipleRoomTypes" data-provider="MiscModuleDataProvider" finished-at="2025-08-08T20:17:22 IST" duration-ms="9973" status="PASS">
          <params>
            <param index="0">
              <value>
                <![CDATA[{shutterCoreCode=10075, depth=540, shutterCategory=WOODEN, moduleName=B2DR, width=900, s.no=5, moduleId=10007, shutterFinishCode=10004-10005, carcassCode=10005, height=750, shutterColourCode=10053, carcassColourCode=10609}]]>
              </value>
            </param>
          </params>
          <reporter-output>
          </reporter-output>
        </test-method> <!-- processMultipleRoomTypes -->
        <test-method signature="processMultipleRoomTypes(java.util.Map)[pri:0, instance:test.RoomConfigurationWithModuleAdditionTest@605c7a9e]" started-at="2025-08-08T20:17:22 IST" name="processMultipleRoomTypes" data-provider="MiscModuleDataProvider" finished-at="2025-08-08T20:17:34 IST" duration-ms="11152" status="PASS">
          <params>
            <param index="0">
              <value>
                <![CDATA[{shutterCoreCode=10075, depth=540, shutterCategory=WOODEN, moduleName=B3DR, width=900, s.no=6, moduleId=10008, shutterFinishCode=10004-10005, carcassCode=10005, height=750, shutterColourCode=10053, carcassColourCode=10609}]]>
              </value>
            </param>
          </params>
          <reporter-output>
          </reporter-output>
        </test-method> <!-- processMultipleRoomTypes -->
        <test-method is-config="true" signature="beforeMethod(org.testng.ITestContext,java.lang.reflect.Method)[pri:0, instance:test.RoomConfigurationWithModuleAdditionTest@605c7a9e]" started-at="2025-08-08T20:17:22 IST" name="beforeMethod" finished-at="2025-08-08T20:17:22 IST" duration-ms="0" status="PASS">
          <params>
            <param index="0">
              <value>
                <![CDATA[org.testng.TestRunner@882c166]]>
              </value>
            </param>
            <param index="1">
              <value>
                <![CDATA[void test.RoomConfigurationWithModuleAdditionTest.processMultipleRoomTypes(java.util.Map)]]>
              </value>
            </param>
          </params>
          <reporter-output>
          </reporter-output>
        </test-method> <!-- beforeMethod -->
        <test-method is-config="true" signature="afterMethod(org.testng.ITestResult,java.lang.reflect.Method)[pri:0, instance:test.RoomConfigurationWithModuleAdditionTest@605c7a9e]" started-at="2025-08-08T20:17:22 IST" name="afterMethod" finished-at="2025-08-08T20:17:22 IST" duration-ms="0" status="PASS">
          <params>
            <param index="0">
              <value>
                <![CDATA[[TestResult name=processMultipleRoomTypes status=SUCCESS method=RoomConfigurationWithModuleAdditionTest.processMultipleRoomTypes(java.util.Map)[pri:0, instance:test.RoomConfigurationWithModuleAdditionTest@605c7a9e] output={null}]]]>
              </value>
            </param>
            <param index="1">
              <value>
                <![CDATA[void test.RoomConfigurationWithModuleAdditionTest.processMultipleRoomTypes(java.util.Map)]]>
              </value>
            </param>
          </params>
          <reporter-output>
          </reporter-output>
        </test-method> <!-- afterMethod -->
        <test-method signature="processMultipleRoomTypes(java.util.Map)[pri:0, instance:test.RoomConfigurationWithModuleAdditionTest@605c7a9e]" started-at="2025-08-08T20:17:34 IST" name="processMultipleRoomTypes" data-provider="MiscModuleDataProvider" finished-at="2025-08-08T20:17:49 IST" duration-ms="15745" status="PASS">
          <params>
            <param index="0">
              <value>
                <![CDATA[{shutterCoreCode=10075, depth=540, shutterCategory=WOODEN, moduleName=B4DR, width=900, s.no=7, moduleId=10009, shutterFinishCode=10004-10005, carcassCode=10005, height=750, shutterColourCode=10053, carcassColourCode=10609}]]>
              </value>
            </param>
          </params>
          <reporter-output>
          </reporter-output>
        </test-method> <!-- processMultipleRoomTypes -->
        <test-method is-config="true" signature="beforeMethod(org.testng.ITestContext,java.lang.reflect.Method)[pri:0, instance:test.RoomConfigurationWithModuleAdditionTest@605c7a9e]" started-at="2025-08-08T20:17:34 IST" name="beforeMethod" finished-at="2025-08-08T20:17:34 IST" duration-ms="0" status="PASS">
          <params>
            <param index="0">
              <value>
                <![CDATA[org.testng.TestRunner@882c166]]>
              </value>
            </param>
            <param index="1">
              <value>
                <![CDATA[void test.RoomConfigurationWithModuleAdditionTest.processMultipleRoomTypes(java.util.Map)]]>
              </value>
            </param>
          </params>
          <reporter-output>
          </reporter-output>
        </test-method> <!-- beforeMethod -->
        <test-method is-config="true" signature="afterMethod(org.testng.ITestResult,java.lang.reflect.Method)[pri:0, instance:test.RoomConfigurationWithModuleAdditionTest@605c7a9e]" started-at="2025-08-08T20:17:34 IST" name="afterMethod" finished-at="2025-08-08T20:17:34 IST" duration-ms="0" status="PASS">
          <params>
            <param index="0">
              <value>
                <![CDATA[[TestResult name=processMultipleRoomTypes status=SUCCESS method=RoomConfigurationWithModuleAdditionTest.processMultipleRoomTypes(java.util.Map)[pri:0, instance:test.RoomConfigurationWithModuleAdditionTest@605c7a9e] output={null}]]]>
              </value>
            </param>
            <param index="1">
              <value>
                <![CDATA[void test.RoomConfigurationWithModuleAdditionTest.processMultipleRoomTypes(java.util.Map)]]>
              </value>
            </param>
          </params>
          <reporter-output>
          </reporter-output>
        </test-method> <!-- afterMethod -->
        <test-method signature="processMultipleRoomTypes(java.util.Map)[pri:0, instance:test.RoomConfigurationWithModuleAdditionTest@605c7a9e]" started-at="2025-08-08T20:17:49 IST" name="processMultipleRoomTypes" data-provider="MiscModuleDataProvider" finished-at="2025-08-08T20:18:01 IST" duration-ms="11531" status="PASS">
          <params>
            <param index="0">
              <value>
                <![CDATA[{shutterCoreCode=10075, depth=500, shutterCategory=WOODEN, moduleName=G2S, width=1200, s.no=8, moduleId=10014, shutterFinishCode=10004-10005, carcassCode=10005, height=850, shutterColourCode=10053, carcassColourCode=10609}]]>
              </value>
            </param>
          </params>
          <reporter-output>
          </reporter-output>
        </test-method> <!-- processMultipleRoomTypes -->
        <test-method is-config="true" signature="afterMethod(org.testng.ITestResult,java.lang.reflect.Method)[pri:0, instance:test.RoomConfigurationWithModuleAdditionTest@605c7a9e]" started-at="2025-08-08T20:17:49 IST" name="afterMethod" finished-at="2025-08-08T20:17:49 IST" duration-ms="0" status="PASS">
          <params>
            <param index="0">
              <value>
                <![CDATA[[TestResult name=processMultipleRoomTypes status=SUCCESS method=RoomConfigurationWithModuleAdditionTest.processMultipleRoomTypes(java.util.Map)[pri:0, instance:test.RoomConfigurationWithModuleAdditionTest@605c7a9e] output={null}]]]>
              </value>
            </param>
            <param index="1">
              <value>
                <![CDATA[void test.RoomConfigurationWithModuleAdditionTest.processMultipleRoomTypes(java.util.Map)]]>
              </value>
            </param>
          </params>
          <reporter-output>
          </reporter-output>
        </test-method> <!-- afterMethod -->
        <test-method is-config="true" signature="beforeMethod(org.testng.ITestContext,java.lang.reflect.Method)[pri:0, instance:test.RoomConfigurationWithModuleAdditionTest@605c7a9e]" started-at="2025-08-08T20:17:49 IST" name="beforeMethod" finished-at="2025-08-08T20:17:49 IST" duration-ms="0" status="PASS">
          <params>
            <param index="0">
              <value>
                <![CDATA[org.testng.TestRunner@882c166]]>
              </value>
            </param>
            <param index="1">
              <value>
                <![CDATA[void test.RoomConfigurationWithModuleAdditionTest.processMultipleRoomTypes(java.util.Map)]]>
              </value>
            </param>
          </params>
          <reporter-output>
          </reporter-output>
        </test-method> <!-- beforeMethod -->
        <test-method signature="processMultipleRoomTypes(java.util.Map)[pri:0, instance:test.RoomConfigurationWithModuleAdditionTest@605c7a9e]" started-at="2025-08-08T20:18:01 IST" name="processMultipleRoomTypes" data-provider="MiscModuleDataProvider" finished-at="2025-08-08T20:18:12 IST" duration-ms="11490" status="PASS">
          <params>
            <param index="0">
              <value>
                <![CDATA[{shutterCoreCode=10075, depth=540, shutterCategory=WOODEN, moduleName=B1S1DR, width=600, s.no=9, moduleId=10015, shutterFinishCode=10004-10005, carcassCode=10005, height=750, shutterColourCode=10053, carcassColourCode=10609}]]>
              </value>
            </param>
          </params>
          <reporter-output>
          </reporter-output>
        </test-method> <!-- processMultipleRoomTypes -->
        <test-method is-config="true" signature="afterMethod(org.testng.ITestResult,java.lang.reflect.Method)[pri:0, instance:test.RoomConfigurationWithModuleAdditionTest@605c7a9e]" started-at="2025-08-08T20:18:01 IST" name="afterMethod" finished-at="2025-08-08T20:18:01 IST" duration-ms="0" status="PASS">
          <params>
            <param index="0">
              <value>
                <![CDATA[[TestResult name=processMultipleRoomTypes status=SUCCESS method=RoomConfigurationWithModuleAdditionTest.processMultipleRoomTypes(java.util.Map)[pri:0, instance:test.RoomConfigurationWithModuleAdditionTest@605c7a9e] output={null}]]]>
              </value>
            </param>
            <param index="1">
              <value>
                <![CDATA[void test.RoomConfigurationWithModuleAdditionTest.processMultipleRoomTypes(java.util.Map)]]>
              </value>
            </param>
          </params>
          <reporter-output>
          </reporter-output>
        </test-method> <!-- afterMethod -->
        <test-method is-config="true" signature="beforeMethod(org.testng.ITestContext,java.lang.reflect.Method)[pri:0, instance:test.RoomConfigurationWithModuleAdditionTest@605c7a9e]" started-at="2025-08-08T20:18:01 IST" name="beforeMethod" finished-at="2025-08-08T20:18:01 IST" duration-ms="0" status="PASS">
          <params>
            <param index="0">
              <value>
                <![CDATA[org.testng.TestRunner@882c166]]>
              </value>
            </param>
            <param index="1">
              <value>
                <![CDATA[void test.RoomConfigurationWithModuleAdditionTest.processMultipleRoomTypes(java.util.Map)]]>
              </value>
            </param>
          </params>
          <reporter-output>
          </reporter-output>
        </test-method> <!-- beforeMethod -->
        <test-method signature="processMultipleRoomTypes(java.util.Map)[pri:0, instance:test.RoomConfigurationWithModuleAdditionTest@605c7a9e]" started-at="2025-08-08T20:18:12 IST" name="processMultipleRoomTypes" data-provider="MiscModuleDataProvider" finished-at="2025-08-08T20:18:24 IST" duration-ms="12007" status="PASS">
          <params>
            <param index="0">
              <value>
                <![CDATA[{shutterCoreCode=10075, depth=540, shutterCategory=WOODEN, moduleName=B2S1DR, width=900, s.no=10, moduleId=10016, shutterFinishCode=10004-10005, carcassCode=10005, height=750, shutterColourCode=10053, carcassColourCode=10609}]]>
              </value>
            </param>
          </params>
          <reporter-output>
          </reporter-output>
        </test-method> <!-- processMultipleRoomTypes -->
        <test-method is-config="true" signature="afterMethod(org.testng.ITestResult,java.lang.reflect.Method)[pri:0, instance:test.RoomConfigurationWithModuleAdditionTest@605c7a9e]" started-at="2025-08-08T20:18:12 IST" name="afterMethod" finished-at="2025-08-08T20:18:12 IST" duration-ms="0" status="PASS">
          <params>
            <param index="0">
              <value>
                <![CDATA[[TestResult name=processMultipleRoomTypes status=SUCCESS method=RoomConfigurationWithModuleAdditionTest.processMultipleRoomTypes(java.util.Map)[pri:0, instance:test.RoomConfigurationWithModuleAdditionTest@605c7a9e] output={null}]]]>
              </value>
            </param>
            <param index="1">
              <value>
                <![CDATA[void test.RoomConfigurationWithModuleAdditionTest.processMultipleRoomTypes(java.util.Map)]]>
              </value>
            </param>
          </params>
          <reporter-output>
          </reporter-output>
        </test-method> <!-- afterMethod -->
        <test-method is-config="true" signature="beforeMethod(org.testng.ITestContext,java.lang.reflect.Method)[pri:0, instance:test.RoomConfigurationWithModuleAdditionTest@605c7a9e]" started-at="2025-08-08T20:18:12 IST" name="beforeMethod" finished-at="2025-08-08T20:18:12 IST" duration-ms="0" status="PASS">
          <params>
            <param index="0">
              <value>
                <![CDATA[org.testng.TestRunner@882c166]]>
              </value>
            </param>
            <param index="1">
              <value>
                <![CDATA[void test.RoomConfigurationWithModuleAdditionTest.processMultipleRoomTypes(java.util.Map)]]>
              </value>
            </param>
          </params>
          <reporter-output>
          </reporter-output>
        </test-method> <!-- beforeMethod -->
        <test-method is-config="true" signature="afterMethod(org.testng.ITestResult,java.lang.reflect.Method)[pri:0, instance:test.RoomConfigurationWithModuleAdditionTest@605c7a9e]" started-at="2025-08-08T20:18:24 IST" name="afterMethod" finished-at="2025-08-08T20:18:24 IST" duration-ms="0" status="PASS">
          <params>
            <param index="0">
              <value>
                <![CDATA[[TestResult name=processMultipleRoomTypes status=SUCCESS method=RoomConfigurationWithModuleAdditionTest.processMultipleRoomTypes(java.util.Map)[pri:0, instance:test.RoomConfigurationWithModuleAdditionTest@605c7a9e] output={null}]]]>
              </value>
            </param>
            <param index="1">
              <value>
                <![CDATA[void test.RoomConfigurationWithModuleAdditionTest.processMultipleRoomTypes(java.util.Map)]]>
              </value>
            </param>
          </params>
          <reporter-output>
          </reporter-output>
        </test-method> <!-- afterMethod -->
      </class> <!-- test.RoomConfigurationWithModuleAdditionTest -->
      <class name="test.DeleteAllRoomsInFloorTest">
        <test-method is-config="true" signature="beforeSuite()[pri:0, instance:test.DeleteAllRoomsInFloorTest@7103745]" started-at="2025-08-08T20:16:31 IST" name="beforeSuite" finished-at="2025-08-08T20:16:31 IST" duration-ms="347" status="PASS">
          <reporter-output>
          </reporter-output>
        </test-method> <!-- beforeSuite -->
        <test-method is-config="true" signature="beforeMethod(org.testng.ITestContext,java.lang.reflect.Method)[pri:0, instance:test.DeleteAllRoomsInFloorTest@7103745]" started-at="2025-08-08T20:16:31 IST" name="beforeMethod" finished-at="2025-08-08T20:16:32 IST" duration-ms="16" status="PASS">
          <params>
            <param index="0">
              <value>
                <![CDATA[org.testng.TestRunner@882c166]]>
              </value>
            </param>
            <param index="1">
              <value>
                <![CDATA[public void test.DeleteAllRoomsInFloorTest.resetFloorPlan()]]>
              </value>
            </param>
          </params>
          <reporter-output>
          </reporter-output>
        </test-method> <!-- beforeMethod -->
        <test-method signature="resetFloorPlan()[pri:0, instance:test.DeleteAllRoomsInFloorTest@7103745]" started-at="2025-08-08T20:16:32 IST" name="resetFloorPlan" finished-at="2025-08-08T20:16:33 IST" duration-ms="1157" status="PASS">
          <reporter-output>
          </reporter-output>
        </test-method> <!-- resetFloorPlan -->
        <test-method is-config="true" signature="afterMethod(org.testng.ITestResult,java.lang.reflect.Method)[pri:0, instance:test.DeleteAllRoomsInFloorTest@7103745]" started-at="2025-08-08T20:16:33 IST" name="afterMethod" finished-at="2025-08-08T20:16:33 IST" duration-ms="0" status="PASS">
          <params>
            <param index="0">
              <value>
                <![CDATA[[TestResult name=resetFloorPlan status=SUCCESS method=DeleteAllRoomsInFloorTest.resetFloorPlan()[pri:0, instance:test.DeleteAllRoomsInFloorTest@7103745] output={null}]]]>
              </value>
            </param>
            <param index="1">
              <value>
                <![CDATA[public void test.DeleteAllRoomsInFloorTest.resetFloorPlan()]]>
              </value>
            </param>
          </params>
          <reporter-output>
          </reporter-output>
        </test-method> <!-- afterMethod -->
        <test-method is-config="true" signature="beforeMethod(org.testng.ITestContext,java.lang.reflect.Method)[pri:0, instance:test.DeleteAllRoomsInFloorTest@7103745]" started-at="2025-08-08T20:16:33 IST" name="beforeMethod" finished-at="2025-08-08T20:16:33 IST" duration-ms="1" status="PASS">
          <params>
            <param index="0">
              <value>
                <![CDATA[org.testng.TestRunner@882c166]]>
              </value>
            </param>
            <param index="1">
              <value>
                <![CDATA[public void test.DeleteAllRoomsInFloorTest.deleteRooms()]]>
              </value>
            </param>
          </params>
          <reporter-output>
          </reporter-output>
        </test-method> <!-- beforeMethod -->
        <test-method signature="deleteRooms()[pri:1, instance:test.DeleteAllRoomsInFloorTest@7103745]" started-at="2025-08-08T20:16:33 IST" name="deleteRooms" finished-at="2025-08-08T20:16:33 IST" duration-ms="820" status="PASS">
          <reporter-output>
          </reporter-output>
        </test-method> <!-- deleteRooms -->
        <test-method is-config="true" signature="afterMethod(org.testng.ITestResult,java.lang.reflect.Method)[pri:0, instance:test.DeleteAllRoomsInFloorTest@7103745]" started-at="2025-08-08T20:16:33 IST" name="afterMethod" finished-at="2025-08-08T20:16:33 IST" duration-ms="0" status="PASS">
          <params>
            <param index="0">
              <value>
                <![CDATA[[TestResult name=deleteRooms status=SUCCESS method=DeleteAllRoomsInFloorTest.deleteRooms()[pri:1, instance:test.DeleteAllRoomsInFloorTest@7103745] output={null}]]]>
              </value>
            </param>
            <param index="1">
              <value>
                <![CDATA[public void test.DeleteAllRoomsInFloorTest.deleteRooms()]]>
              </value>
            </param>
          </params>
          <reporter-output>
          </reporter-output>
        </test-method> <!-- afterMethod -->
        <test-method is-config="true" signature="afterSuite()[pri:0, instance:test.DeleteAllRoomsInFloorTest@7103745]" started-at="2025-08-08T20:18:39 IST" name="afterSuite" finished-at="2025-08-08T20:18:40 IST" duration-ms="361" status="PASS">
          <reporter-output>
          </reporter-output>
        </test-method> <!-- afterSuite -->
      </class> <!-- test.DeleteAllRoomsInFloorTest -->
    </test> <!-- checking testng -->
  </suite> <!-- Sample Test Suite -->
</testng-results>
