<?xml version="1.0" encoding="UTF-8"?>
<testsuite xmlns:xsi="http://www.w3.org/2001/XMLSchema-instance" xsi:noNamespaceSchemaLocation="https://maven.apache.org/surefire/maven-surefire-plugin/xsd/surefire-test-report-3.0.xsd" version="3.0" name="TestSuite" time="141.954" tests="15" errors="0" skipped="0" failures="0">
  <properties>
[...]
</properties>
  <testcase name="resetFloorPlan" classname="test.DeleteAllRoomsInFloorTest" time="1.163">
    <system-out><![CDATA[2025-08-08 20:16:19,564 DEBUG [main] suiteXmlPath: "C:\Users\ramachandra.hlc_home\IdeaProjects\AutoQA-Complete\xmlFiles\default-testng.xml"
2025-08-08 20:16:20,070 WARN [main] No configFile path provided.
🌐 Base URL: https://sc-backend-dev-4.homelane.com
2025-08-08 20:16:24,265 INFO [main] 🔍 Fetching project details for project ID :️️➡️ 6f04d0d8-5313-4cab-96ce-b2341a60a62b
2025-08-08 20:16:25,119 INFO [main] 🏆 Project details retrieved successfully.
🔍 [Current Project Info] 🔽
   🏷️ orderProfileType ️️️➡️ HOMELANE
   💰 priceVersion ➡️ 10112
   🌆 cityCode ➡️ 10001
🌐 Base URL: https://sc-backend-dev-4.homelane.com
2025-08-08 20:16:28,293 INFO [main] 🔍 Fetching project details for project ID :️️➡️ 6f04d0d8-5313-4cab-96ce-b2341a60a62b
2025-08-08 20:16:29,604 INFO [main] 🏆 Project details retrieved successfully.
🔍 [Current Project Info] 🔽
   🏷️ orderProfileType ️️️➡️ HOMELANE
   💰 priceVersion ➡️ 10112
   🌆 cityCode ➡️ 10001
🌐 Base URL: https://sc-backend-dev-4.homelane.com
2025-08-08 20:16:30,486 INFO [main] 🔍 Fetching project details for project ID :️️➡️ 6f04d0d8-5313-4cab-96ce-b2341a60a62b
2025-08-08 20:16:31,069 INFO [main] 🏆 Project details retrieved successfully.
🔍 [Current Project Info] 🔽
   🏷️ orderProfileType ️️️➡️ HOMELANE
   💰 priceVersion ➡️ 10112
   🌆 cityCode ➡️ 10001
C:\Users\ramachandra.hlc_home\IdeaProjects\AutoQA-Complete
2025-08-08 20:16:32,001 INFO [main] resetFloorPlan Test Method started
2025-08-08 20:16:32,001 INFO [main] Reporting: Resetting floor plan for projectID: 6f04d0d8-5313-4cab-96ce-b2341a60a62b
2025-08-08 20:16:33,158 INFO [main] Floor plan reset successfully for projectId: 6f04d0d8-5313-4cab-96ce-b2341a60a62b
2025-08-08 20:16:33,158 INFO [main] Reporting: Floor plan reset successfully.
]]></system-out>
  </testcase>
  <testcase name="deleteRooms" classname="test.DeleteAllRoomsInFloorTest" time="0.806">
    <system-out><![CDATA[2025-08-08 20:16:33,175 INFO [main] deleteRooms Test Method started
2025-08-08 20:16:33,177 INFO [main] Reporting: Deleting existing rooms and walls for projectID: 6f04d0d8-5313-4cab-96ce-b2341a60a62b, floorID: 8835bae3-850c-4af7-8e62-b7236badfeb0
🌐 Base URL: https://sc-backend-dev-4.homelane.com
2025-08-08 20:16:33,178 INFO [main] 🔍 Fetching project details for project ID :️️➡️ 6f04d0d8-5313-4cab-96ce-b2341a60a62b
2025-08-08 20:16:33,504 INFO [main] 🏆 Project details retrieved successfully.
2025-08-08 20:16:33,630 INFO [main] 🗑️ Deleting all rooms and walls for project ID: 6f04d0d8-5313-4cab-96ce-b2341a60a62b and floor ID: 8835bae3-850c-4af7-8e62-b7236badfeb0
2025-08-08 20:16:33,630 WARN [main] No rooms found to delete.
2025-08-08 20:16:33,630 WARN [main] No walls found to delete.
🌐 Base URL: https://sc-backend-dev-4.homelane.com
2025-08-08 20:16:33,630 INFO [main] 🔍 Fetching project details for project ID :️️➡️ 6f04d0d8-5313-4cab-96ce-b2341a60a62b
2025-08-08 20:16:33,947 INFO [main] 🏆 Project details retrieved successfully.
2025-08-08 20:16:33,995 INFO [main] All rooms & walls successfully deleted.
2025-08-08 20:16:33,995 INFO [main] Reporting: Deleted existing rooms and walls successfully.
]]></system-out>
  </testcase>
  <testcase name="processMultipleRoomTypes[{shutterCoreCode=10075, depth=330, shutterCategory=WOODEN, moduleName=B1S, width=600, s.no=1, moduleId=10002, shutterFinishCode=10004-10005, carcassCode=10005, height=750, shutterColourCode=10053, carcassColourCode=10609}](1)" classname="test.RoomConfigurationWithModuleAdditionTest" time="10.772">
    <system-out><![CDATA[2025-08-08 20:16:34,074 INFO [main] processMultipleRoomTypes Test Method started
10002
Creating room as  : Kitchen
{"rotation":{"x":0,"y":0,"z":0},"zoneType":"STORAGE","zoneName":"STORAGE1729763131702","subCategoryId":"10011","position":{"x":19145.848032453177,"y":0,"z":5530.184206834556},"categoryName":"Kitchen","categoryId":"10001","subCategoryName":"Floor Standing"}
2025-08-08 20:16:34,830 INFO [main] Creating wall for project ID: 6f04d0d8-5313-4cab-96ce-b2341a60a62b and floor ID: 8835bae3-850c-4af7-8e62-b7236badfeb0 with provided data.
2025-08-08 20:16:35,209 INFO [main] Wall created successfully.
2025-08-08 20:16:35,209 INFO [main] Creating room for project ID: 6f04d0d8-5313-4cab-96ce-b2341a60a62b and floor ID: 8835bae3-850c-4af7-8e62-b7236badfeb0 with provided data.
2025-08-08 20:16:35,637 INFO [main] Room created successfully.
2025-08-08 20:16:35,675 INFO [main] Reporting: Adding custom zone for room ID: 8f11ee6bfdd14304846de5ec09a70f62
2025-08-08 20:16:35,968 INFO [main] Custom zone is successfully added
2025-08-08 20:16:35,984 INFO [main] Reporting: Custom zone added successfully with ID: 43fe8a03-fa8f-4888-a805-8514f8fac771
600 X 330 X 750
2025-08-08 20:16:37,155 INFO [main] Module with dimensions is successfully added
2025-08-08 20:16:37,155 INFO [main] Reporting: Module added successfully.
2025-08-08 20:16:37,742 INFO [main] Fetching zone data for roomType: Kitchen, currentZoneId: 43fe8a03-fa8f-4888-a805-8514f8fac771, categoryId: 10001, subCategoryId: 10011
2025-08-08 20:16:39,077 INFO [main] Received response for zone data: Status code 200
2025-08-08 20:16:40,439 INFO [main] Received response for wardrobeMaterial data: Status code 200
2025-08-08 20:16:40,566 INFO [main] Processing component: Plain Shutter_613d153f-c3e9-4334-b323-1a06ed807155
2025-08-08 20:16:40,566 INFO [main] Is Infill Component: false
2025-08-08 20:16:40,578 INFO [main] Found matching shutter material for component: Plain Shutter_613d153f-c3e9-4334-b323-1a06ed807155
2025-08-08 20:16:40,578 INFO [main] Building shutter details for component: Plain Shutter_613d153f-c3e9-4334-b323-1a06ed807155
2025-08-08 20:16:40,578 INFO [main] Fetching material color for materialType: shutter, materialId: 10004-10005
2025-08-08 20:16:40,899 INFO [main] Found matching color details for code: 10053 and Colour Name :Rose Granium 
2025-08-08 20:16:40,899 INFO [main] Components material map size: 1
2025-08-08 20:16:40,899 INFO [main] Group Panels material map size: 0
2025-08-08 20:16:42,553 INFO [main] Shutter material applied successfully for components.
2025-08-08 20:16:42,553 INFO [main] Shutter applied successfully for Module: 90028448-ca87-4764-8cbc-0a839d754ebe-0
Applying colour for carcass: 10609
2025-08-08 20:16:42,553 INFO [main] Fetching zone data for roomType: Kitchen, currentZoneId: 43fe8a03-fa8f-4888-a805-8514f8fac771, categoryId: 10001, subCategoryId: 10011
2025-08-08 20:16:43,890 INFO [main] Received response for zone data: Status code 200
2025-08-08 20:16:44,025 INFO [main] Fetching material color for materialType: cabinet, materialId: 10005
2025-08-08 20:16:44,840 INFO [main] Carcass applied successfully.
]]></system-out>
  </testcase>
  <testcase name="processMultipleRoomTypes[{shutterCoreCode=10075, depth=500, shutterCategory=WOODEN, moduleName=G1S, width=600, s.no=2, moduleId=10004, shutterFinishCode=10004-10005, carcassCode=10005, height=850, shutterColourCode=10053, carcassColourCode=10609}](2)" classname="test.RoomConfigurationWithModuleAdditionTest" time="8.921">
    <system-out><![CDATA[2025-08-08 20:16:44,846 INFO [main] processMultipleRoomTypes Test Method started
10004
2025-08-08 20:16:45,495 INFO [main] Reporting: Adding custom zone for room ID: 8f11ee6bfdd14304846de5ec09a70f62
2025-08-08 20:16:45,927 INFO [main] Custom zone is successfully added
2025-08-08 20:16:45,936 INFO [main] Reporting: Custom zone added successfully with ID: e5b4705e-c4c8-4299-bd11-ef7cf4d2b5ff
600 X 500 X 850
2025-08-08 20:16:46,478 INFO [main] Module with dimensions is successfully added
2025-08-08 20:16:46,478 INFO [main] Reporting: Module added successfully.
2025-08-08 20:16:46,892 INFO [main] Fetching zone data for roomType: Kitchen, currentZoneId: e5b4705e-c4c8-4299-bd11-ef7cf4d2b5ff, categoryId: 10001, subCategoryId: 10011
2025-08-08 20:16:47,837 INFO [main] Received response for zone data: Status code 200
2025-08-08 20:16:49,035 INFO [main] Received response for wardrobeMaterial data: Status code 200
2025-08-08 20:16:49,137 INFO [main] Processing component: Plain Shutter_eb6596bc-9784-437b-ac67-efb3102d415b
2025-08-08 20:16:49,137 INFO [main] Is Infill Component: false
2025-08-08 20:16:49,137 INFO [main] Found matching shutter material for component: Plain Shutter_eb6596bc-9784-437b-ac67-efb3102d415b
2025-08-08 20:16:49,137 INFO [main] Building shutter details for component: Plain Shutter_eb6596bc-9784-437b-ac67-efb3102d415b
2025-08-08 20:16:49,137 INFO [main] Fetching material color for materialType: shutter, materialId: 10004-10005
2025-08-08 20:16:49,565 INFO [main] Found matching color details for code: 10053 and Colour Name :Rose Granium 
2025-08-08 20:16:49,574 INFO [main] Components material map size: 1
2025-08-08 20:16:49,574 INFO [main] Group Panels material map size: 0
2025-08-08 20:16:51,326 INFO [main] Shutter material applied successfully for components.
2025-08-08 20:16:51,326 INFO [main] Shutter applied successfully for Module: 3159bfb4-7a65-4be6-9f77-1fa2bc463154-0
Applying colour for carcass: 10609
2025-08-08 20:16:51,326 INFO [main] Fetching zone data for roomType: Kitchen, currentZoneId: e5b4705e-c4c8-4299-bd11-ef7cf4d2b5ff, categoryId: 10001, subCategoryId: 10011
2025-08-08 20:16:52,526 INFO [main] Received response for zone data: Status code 200
2025-08-08 20:16:52,644 INFO [main] Fetching material color for materialType: cabinet, materialId: 10005
2025-08-08 20:16:53,765 INFO [main] Carcass applied successfully.
]]></system-out>
  </testcase>
  <testcase name="processMultipleRoomTypes[{shutterCoreCode=10075, depth=330, shutterCategory=WOODEN, moduleName=B2S, width=1200, s.no=3, moduleId=10005, shutterFinishCode=10004-10005, carcassCode=10005, height=750, shutterColourCode=10053, carcassColourCode=10609}](3)" classname="test.RoomConfigurationWithModuleAdditionTest" time="10.486">
    <system-out><![CDATA[2025-08-08 20:16:53,775 INFO [main] processMultipleRoomTypes Test Method started
10005
2025-08-08 20:16:54,394 INFO [main] Reporting: Adding custom zone for room ID: 8f11ee6bfdd14304846de5ec09a70f62
2025-08-08 20:16:54,765 INFO [main] Custom zone is successfully added
2025-08-08 20:16:54,774 INFO [main] Reporting: Custom zone added successfully with ID: aa281599-ef37-4ce5-bac7-fa8ff2b26f9a
1200 X 330 X 750
2025-08-08 20:16:55,295 INFO [main] Module with dimensions is successfully added
2025-08-08 20:16:55,295 INFO [main] Reporting: Module added successfully.
2025-08-08 20:16:55,694 INFO [main] Fetching zone data for roomType: Kitchen, currentZoneId: aa281599-ef37-4ce5-bac7-fa8ff2b26f9a, categoryId: 10001, subCategoryId: 10011
2025-08-08 20:16:56,705 INFO [main] Received response for zone data: Status code 200
2025-08-08 20:16:58,145 INFO [main] Received response for wardrobeMaterial data: Status code 200
2025-08-08 20:16:58,224 INFO [main] Processing component: Plain Shutter Left_6a92d32e-6a48-437a-92fa-9b5e8be7a97e
2025-08-08 20:16:58,224 INFO [main] Is Infill Component: false
2025-08-08 20:16:58,224 INFO [main] Found matching shutter material for component: Plain Shutter Left_6a92d32e-6a48-437a-92fa-9b5e8be7a97e
2025-08-08 20:16:58,224 INFO [main] Building shutter details for component: Plain Shutter Left_6a92d32e-6a48-437a-92fa-9b5e8be7a97e
2025-08-08 20:16:58,224 INFO [main] Fetching material color for materialType: shutter, materialId: 10004-10005
2025-08-08 20:16:58,635 INFO [main] Found matching color details for code: 10053 and Colour Name :Rose Granium 
2025-08-08 20:16:58,635 INFO [main] Processing component: Plain Shutter Right_09dc308b-2440-4ee5-9dfa-372f16752715
2025-08-08 20:16:58,635 INFO [main] Is Infill Component: false
2025-08-08 20:16:58,635 INFO [main] Found matching shutter material for component: Plain Shutter Right_09dc308b-2440-4ee5-9dfa-372f16752715
2025-08-08 20:16:58,635 INFO [main] Building shutter details for component: Plain Shutter Right_09dc308b-2440-4ee5-9dfa-372f16752715
2025-08-08 20:16:58,635 INFO [main] Fetching material color for materialType: shutter, materialId: 10004-10005
2025-08-08 20:16:59,179 INFO [main] Found matching color details for code: 10053 and Colour Name :Rose Granium 
2025-08-08 20:16:59,179 INFO [main] Components material map size: 2
2025-08-08 20:16:59,179 INFO [main] Group Panels material map size: 0
2025-08-08 20:17:02,398 INFO [main] Shutter material applied successfully for components.
2025-08-08 20:17:02,401 INFO [main] Shutter applied successfully for Module: 73ef08e2-21d8-4209-b03b-b06252388ca1-0
Applying colour for carcass: 10609
2025-08-08 20:17:02,401 INFO [main] Fetching zone data for roomType: Kitchen, currentZoneId: aa281599-ef37-4ce5-bac7-fa8ff2b26f9a, categoryId: 10001, subCategoryId: 10011
2025-08-08 20:17:03,333 INFO [main] Received response for zone data: Status code 200
2025-08-08 20:17:03,460 INFO [main] Fetching material color for materialType: cabinet, materialId: 10005
2025-08-08 20:17:04,251 INFO [main] Carcass applied successfully.
]]></system-out>
  </testcase>
  <testcase name="processMultipleRoomTypes[{shutterCoreCode=10075, depth=540, shutterCategory=WOODEN, moduleName=B1DR, width=900, s.no=4, moduleId=10006, shutterFinishCode=10004-10005, carcassCode=10005, height=375, shutterColourCode=10053, carcassColourCode=10609}](4)" classname="test.RoomConfigurationWithModuleAdditionTest" time="8.634">
    <system-out><![CDATA[2025-08-08 20:17:04,261 INFO [main] processMultipleRoomTypes Test Method started
10006
2025-08-08 20:17:04,884 INFO [main] Reporting: Adding custom zone for room ID: 8f11ee6bfdd14304846de5ec09a70f62
2025-08-08 20:17:05,189 INFO [main] Custom zone is successfully added
2025-08-08 20:17:05,199 INFO [main] Reporting: Custom zone added successfully with ID: 002f5558-58eb-4de4-854f-d933b177f26a
900 X 540 X 375
2025-08-08 20:17:05,719 INFO [main] Module with dimensions is successfully added
2025-08-08 20:17:05,719 INFO [main] Reporting: Module added successfully.
2025-08-08 20:17:06,082 INFO [main] Fetching zone data for roomType: Kitchen, currentZoneId: 002f5558-58eb-4de4-854f-d933b177f26a, categoryId: 10001, subCategoryId: 10011
2025-08-08 20:17:07,065 INFO [main] Received response for zone data: Status code 200
2025-08-08 20:17:08,410 INFO [main] Received response for wardrobeMaterial data: Status code 200
2025-08-08 20:17:08,702 INFO [main] Processing component: Drawer Facia_8c848828-41c4-43aa-87bb-12e3684899bc
2025-08-08 20:17:08,704 INFO [main] Is Infill Component: false
2025-08-08 20:17:08,706 INFO [main] Found matching shutter material for component: Drawer Facia_8c848828-41c4-43aa-87bb-12e3684899bc
2025-08-08 20:17:08,706 INFO [main] Building shutter details for component: Drawer Facia_8c848828-41c4-43aa-87bb-12e3684899bc
2025-08-08 20:17:08,706 INFO [main] Fetching material color for materialType: shutter, materialId: 10004-10005
2025-08-08 20:17:09,090 INFO [main] Found matching color details for code: 10053 and Colour Name :Rose Granium 
2025-08-08 20:17:09,090 INFO [main] Components material map size: 1
2025-08-08 20:17:09,090 INFO [main] Group Panels material map size: 0
2025-08-08 20:17:10,958 INFO [main] Shutter material applied successfully for components.
2025-08-08 20:17:10,958 INFO [main] Shutter applied successfully for Module: cc27cdef-ff54-42e5-adde-676f2df20604-0
Applying colour for carcass: 10609
2025-08-08 20:17:10,958 INFO [main] Fetching zone data for roomType: Kitchen, currentZoneId: 002f5558-58eb-4de4-854f-d933b177f26a, categoryId: 10001, subCategoryId: 10011
2025-08-08 20:17:12,110 INFO [main] Received response for zone data: Status code 200
2025-08-08 20:17:12,205 INFO [main] Fetching material color for materialType: cabinet, materialId: 10005
2025-08-08 20:17:12,901 INFO [main] Carcass applied successfully.
]]></system-out>
  </testcase>
  <testcase name="processMultipleRoomTypes[{shutterCoreCode=10075, depth=540, shutterCategory=WOODEN, moduleName=B2DR, width=900, s.no=5, moduleId=10007, shutterFinishCode=10004-10005, carcassCode=10005, height=750, shutterColourCode=10053, carcassColourCode=10609}](5)" classname="test.RoomConfigurationWithModuleAdditionTest" time="9.973">
    <system-out><![CDATA[2025-08-08 20:17:12,901 INFO [main] processMultipleRoomTypes Test Method started
10007
2025-08-08 20:17:13,438 INFO [main] Reporting: Adding custom zone for room ID: 8f11ee6bfdd14304846de5ec09a70f62
2025-08-08 20:17:13,776 INFO [main] Custom zone is successfully added
2025-08-08 20:17:13,789 INFO [main] Reporting: Custom zone added successfully with ID: 4880249b-5004-4dc5-a8a2-b6ef793c735a
900 X 540 X 750
2025-08-08 20:17:14,323 INFO [main] Module with dimensions is successfully added
2025-08-08 20:17:14,323 INFO [main] Reporting: Module added successfully.
2025-08-08 20:17:14,687 INFO [main] Fetching zone data for roomType: Kitchen, currentZoneId: 4880249b-5004-4dc5-a8a2-b6ef793c735a, categoryId: 10001, subCategoryId: 10011
2025-08-08 20:17:15,685 INFO [main] Received response for zone data: Status code 200
2025-08-08 20:17:16,823 INFO [main] Received response for wardrobeMaterial data: Status code 200
2025-08-08 20:17:16,949 INFO [main] Processing component: 1st Drawer Facia_679e119d-d7bc-4a9d-b417-79ea23ecd331
2025-08-08 20:17:16,949 INFO [main] Is Infill Component: false
2025-08-08 20:17:16,949 INFO [main] Found matching shutter material for component: 1st Drawer Facia_679e119d-d7bc-4a9d-b417-79ea23ecd331
2025-08-08 20:17:16,949 INFO [main] Building shutter details for component: 1st Drawer Facia_679e119d-d7bc-4a9d-b417-79ea23ecd331
2025-08-08 20:17:16,949 INFO [main] Fetching material color for materialType: shutter, materialId: 10004-10005
2025-08-08 20:17:17,423 INFO [main] Found matching color details for code: 10053 and Colour Name :Rose Granium 
2025-08-08 20:17:17,423 INFO [main] Processing component: 2nd Drawer Facia_3800ab5f-ddd0-4126-9269-f3d77b5f3aa5
2025-08-08 20:17:17,423 INFO [main] Is Infill Component: false
2025-08-08 20:17:17,423 INFO [main] Found matching shutter material for component: 2nd Drawer Facia_3800ab5f-ddd0-4126-9269-f3d77b5f3aa5
2025-08-08 20:17:17,423 INFO [main] Building shutter details for component: 2nd Drawer Facia_3800ab5f-ddd0-4126-9269-f3d77b5f3aa5
2025-08-08 20:17:17,423 INFO [main] Fetching material color for materialType: shutter, materialId: 10004-10005
2025-08-08 20:17:17,916 INFO [main] Found matching color details for code: 10053 and Colour Name :Rose Granium 
2025-08-08 20:17:17,916 INFO [main] Components material map size: 2
2025-08-08 20:17:17,916 INFO [main] Group Panels material map size: 0
2025-08-08 20:17:21,193 INFO [main] Shutter material applied successfully for components.
2025-08-08 20:17:21,193 INFO [main] Shutter applied successfully for Module: 30fdd7fd-f9ae-4e4e-b7cc-9a2bfc47b67c-0
Applying colour for carcass: 10609
2025-08-08 20:17:21,193 INFO [main] Fetching zone data for roomType: Kitchen, currentZoneId: 4880249b-5004-4dc5-a8a2-b6ef793c735a, categoryId: 10001, subCategoryId: 10011
2025-08-08 20:17:22,109 INFO [main] Received response for zone data: Status code 200
2025-08-08 20:17:22,221 INFO [main] Fetching material color for materialType: cabinet, materialId: 10005
2025-08-08 20:17:22,889 INFO [main] Carcass applied successfully.
]]></system-out>
  </testcase>
  <testcase name="processMultipleRoomTypes[{shutterCoreCode=10075, depth=540, shutterCategory=WOODEN, moduleName=B3DR, width=900, s.no=6, moduleId=10008, shutterFinishCode=10004-10005, carcassCode=10005, height=750, shutterColourCode=10053, carcassColourCode=10609}](6)" classname="test.RoomConfigurationWithModuleAdditionTest" time="11.144">
    <system-out><![CDATA[2025-08-08 20:17:22,889 INFO [main] processMultipleRoomTypes Test Method started
10008
2025-08-08 20:17:23,466 INFO [main] Reporting: Adding custom zone for room ID: 8f11ee6bfdd14304846de5ec09a70f62
2025-08-08 20:17:23,787 INFO [main] Custom zone is successfully added
2025-08-08 20:17:23,802 INFO [main] Reporting: Custom zone added successfully with ID: b03356d9-2393-432a-9239-df6aa88540b1
900 X 540 X 750
2025-08-08 20:17:24,292 INFO [main] Module with dimensions is successfully added
2025-08-08 20:17:24,292 INFO [main] Reporting: Module added successfully.
2025-08-08 20:17:24,750 INFO [main] Fetching zone data for roomType: Kitchen, currentZoneId: b03356d9-2393-432a-9239-df6aa88540b1, categoryId: 10001, subCategoryId: 10011
2025-08-08 20:17:26,000 INFO [main] Received response for zone data: Status code 200
2025-08-08 20:17:27,095 INFO [main] Received response for wardrobeMaterial data: Status code 200
2025-08-08 20:17:27,173 INFO [main] Processing component: 3rd Drawer Facia_039e6997-93be-4d2e-a328-9e37673ef5b2
2025-08-08 20:17:27,173 INFO [main] Is Infill Component: false
2025-08-08 20:17:27,173 INFO [main] Found matching shutter material for component: 3rd Drawer Facia_039e6997-93be-4d2e-a328-9e37673ef5b2
2025-08-08 20:17:27,173 INFO [main] Building shutter details for component: 3rd Drawer Facia_039e6997-93be-4d2e-a328-9e37673ef5b2
2025-08-08 20:17:27,173 INFO [main] Fetching material color for materialType: shutter, materialId: 10004-10005
2025-08-08 20:17:27,504 INFO [main] Found matching color details for code: 10053 and Colour Name :Rose Granium 
2025-08-08 20:17:27,504 INFO [main] Processing component: 1st Drawer Facia_df68db06-bced-4d65-8e96-9993e5bcdfd3
2025-08-08 20:17:27,504 INFO [main] Is Infill Component: false
2025-08-08 20:17:27,504 INFO [main] Found matching shutter material for component: 1st Drawer Facia_df68db06-bced-4d65-8e96-9993e5bcdfd3
2025-08-08 20:17:27,504 INFO [main] Building shutter details for component: 1st Drawer Facia_df68db06-bced-4d65-8e96-9993e5bcdfd3
2025-08-08 20:17:27,504 INFO [main] Fetching material color for materialType: shutter, materialId: 10004-10005
2025-08-08 20:17:27,852 INFO [main] Found matching color details for code: 10053 and Colour Name :Rose Granium 
2025-08-08 20:17:27,852 INFO [main] Processing component: 2nd Drawer Facia_da411639-0bad-4a48-a85e-97a8c8c06941
2025-08-08 20:17:27,852 INFO [main] Is Infill Component: false
2025-08-08 20:17:27,852 INFO [main] Found matching shutter material for component: 2nd Drawer Facia_da411639-0bad-4a48-a85e-97a8c8c06941
2025-08-08 20:17:27,852 INFO [main] Building shutter details for component: 2nd Drawer Facia_da411639-0bad-4a48-a85e-97a8c8c06941
2025-08-08 20:17:27,852 INFO [main] Fetching material color for materialType: shutter, materialId: 10004-10005
2025-08-08 20:17:28,217 INFO [main] Found matching color details for code: 10053 and Colour Name :Rose Granium 
2025-08-08 20:17:28,217 INFO [main] Components material map size: 3
2025-08-08 20:17:28,217 INFO [main] Group Panels material map size: 0
2025-08-08 20:17:32,334 INFO [main] Shutter material applied successfully for components.
2025-08-08 20:17:32,334 INFO [main] Shutter applied successfully for Module: aca6ab4d-b0f8-4304-986d-4def53e0721a-0
Applying colour for carcass: 10609
2025-08-08 20:17:32,334 INFO [main] Fetching zone data for roomType: Kitchen, currentZoneId: b03356d9-2393-432a-9239-df6aa88540b1, categoryId: 10001, subCategoryId: 10011
2025-08-08 20:17:33,319 INFO [main] Received response for zone data: Status code 200
2025-08-08 20:17:33,408 INFO [main] Fetching material color for materialType: cabinet, materialId: 10005
2025-08-08 20:17:34,041 INFO [main] Carcass applied successfully.
]]></system-out>
  </testcase>
  <testcase name="processMultipleRoomTypes[{shutterCoreCode=10075, depth=540, shutterCategory=WOODEN, moduleName=B4DR, width=900, s.no=7, moduleId=10009, shutterFinishCode=10004-10005, carcassCode=10005, height=750, shutterColourCode=10053, carcassColourCode=10609}](7)" classname="test.RoomConfigurationWithModuleAdditionTest" time="15.745">
    <system-out><![CDATA[2025-08-08 20:17:34,041 INFO [main] processMultipleRoomTypes Test Method started
10009
creating roomType : Kitchen
2025-08-08 20:17:34,683 INFO [main] Creating wall for project ID: 6f04d0d8-5313-4cab-96ce-b2341a60a62b and floor ID: 8835bae3-850c-4af7-8e62-b7236badfeb0 with provided data.
2025-08-08 20:17:35,041 INFO [main] Wall created successfully.
2025-08-08 20:17:35,041 INFO [main] Creating room for project ID: 6f04d0d8-5313-4cab-96ce-b2341a60a62b and floor ID: 8835bae3-850c-4af7-8e62-b7236badfeb0 with provided data.
2025-08-08 20:17:35,547 INFO [main] Room created successfully.
2025-08-08 20:17:35,579 INFO [main] Reporting: Adding custom zone for room ID: 63e48a8bd465493099604d5fc7074b3c
2025-08-08 20:17:35,895 INFO [main] Custom zone is successfully added
2025-08-08 20:17:35,910 INFO [main] Reporting: Custom zone added successfully with ID: b6a457e6-c544-4f06-bdaa-ad741a528981
900 X 540 X 750
2025-08-08 20:17:36,463 INFO [main] Module with dimensions is successfully added
2025-08-08 20:17:36,463 INFO [main] Reporting: Module added successfully.
2025-08-08 20:17:37,160 INFO [main] Fetching zone data for roomType: Kitchen, currentZoneId: b6a457e6-c544-4f06-bdaa-ad741a528981, categoryId: 10001, subCategoryId: 10011
2025-08-08 20:17:38,145 INFO [main] Received response for zone data: Status code 200
2025-08-08 20:17:39,411 INFO [main] Received response for wardrobeMaterial data: Status code 200
2025-08-08 20:17:39,554 INFO [main] Processing component: 2nd Drawer Facia_12d19484-5195-42ad-827e-cfa9e14760d6
2025-08-08 20:17:39,554 INFO [main] Is Infill Component: false
2025-08-08 20:17:39,554 INFO [main] Found matching shutter material for component: 2nd Drawer Facia_12d19484-5195-42ad-827e-cfa9e14760d6
2025-08-08 20:17:39,554 INFO [main] Building shutter details for component: 2nd Drawer Facia_12d19484-5195-42ad-827e-cfa9e14760d6
2025-08-08 20:17:39,554 INFO [main] Fetching material color for materialType: shutter, materialId: 10004-10005
2025-08-08 20:17:39,902 INFO [main] Found matching color details for code: 10053 and Colour Name :Rose Granium 
2025-08-08 20:17:39,902 INFO [main] Processing component: 3rd Drawer Facia_7881b07a-0c3d-4cb8-afa3-165df7ac043a
2025-08-08 20:17:39,902 INFO [main] Is Infill Component: false
2025-08-08 20:17:39,902 INFO [main] Found matching shutter material for component: 3rd Drawer Facia_7881b07a-0c3d-4cb8-afa3-165df7ac043a
2025-08-08 20:17:39,902 INFO [main] Building shutter details for component: 3rd Drawer Facia_7881b07a-0c3d-4cb8-afa3-165df7ac043a
2025-08-08 20:17:39,905 INFO [main] Fetching material color for materialType: shutter, materialId: 10004-10005
2025-08-08 20:17:40,267 INFO [main] Found matching color details for code: 10053 and Colour Name :Rose Granium 
2025-08-08 20:17:40,267 INFO [main] Processing component: 1st Drawer Facia_6502d0f4-e568-498c-bf24-9bae4577ebaa
2025-08-08 20:17:40,267 INFO [main] Is Infill Component: false
2025-08-08 20:17:40,267 INFO [main] Found matching shutter material for component: 1st Drawer Facia_6502d0f4-e568-498c-bf24-9bae4577ebaa
2025-08-08 20:17:40,267 INFO [main] Building shutter details for component: 1st Drawer Facia_6502d0f4-e568-498c-bf24-9bae4577ebaa
2025-08-08 20:17:40,267 INFO [main] Fetching material color for materialType: shutter, materialId: 10004-10005
2025-08-08 20:17:40,685 INFO [main] Found matching color details for code: 10053 and Colour Name :Rose Granium 
2025-08-08 20:17:40,685 INFO [main] Processing component: 4th Drawer Facia_e23f000f-0e3a-4884-b377-194de2a34656
2025-08-08 20:17:40,685 INFO [main] Is Infill Component: false
2025-08-08 20:17:40,685 INFO [main] Found matching shutter material for component: 4th Drawer Facia_e23f000f-0e3a-4884-b377-194de2a34656
2025-08-08 20:17:40,685 INFO [main] Building shutter details for component: 4th Drawer Facia_e23f000f-0e3a-4884-b377-194de2a34656
2025-08-08 20:17:40,685 INFO [main] Fetching material color for materialType: shutter, materialId: 10004-10005
2025-08-08 20:17:41,011 INFO [main] Found matching color details for code: 10053 and Colour Name :Rose Granium 
2025-08-08 20:17:41,011 INFO [main] Components material map size: 4
2025-08-08 20:17:41,011 INFO [main] Group Panels material map size: 0
2025-08-08 20:17:47,528 INFO [main] Shutter material applied successfully for components.
2025-08-08 20:17:47,528 INFO [main] Shutter applied successfully for Module: e949df70-07c1-42a8-a55c-cbebb6d0d76d-0
Applying colour for carcass: 10609
2025-08-08 20:17:47,530 INFO [main] Fetching zone data for roomType: Kitchen, currentZoneId: b6a457e6-c544-4f06-bdaa-ad741a528981, categoryId: 10001, subCategoryId: 10011
2025-08-08 20:17:48,791 INFO [main] Received response for zone data: Status code 200
2025-08-08 20:17:48,901 INFO [main] Fetching material color for materialType: cabinet, materialId: 10005
2025-08-08 20:17:49,786 INFO [main] Carcass applied successfully.
]]></system-out>
  </testcase>
  <testcase name="processMultipleRoomTypes[{shutterCoreCode=10075, depth=500, shutterCategory=WOODEN, moduleName=G2S, width=1200, s.no=8, moduleId=10014, shutterFinishCode=10004-10005, carcassCode=10005, height=850, shutterColourCode=10053, carcassColourCode=10609}](8)" classname="test.RoomConfigurationWithModuleAdditionTest" time="11.514">
    <system-out><![CDATA[2025-08-08 20:17:49,786 INFO [main] processMultipleRoomTypes Test Method started
10014
2025-08-08 20:17:50,548 INFO [main] Reporting: Adding custom zone for room ID: 63e48a8bd465493099604d5fc7074b3c
2025-08-08 20:17:50,912 INFO [main] Custom zone is successfully added
2025-08-08 20:17:50,933 INFO [main] Reporting: Custom zone added successfully with ID: 66141f9a-0ba8-49a2-a187-df90a812586a
1200 X 500 X 850
2025-08-08 20:17:51,448 INFO [main] Module with dimensions is successfully added
2025-08-08 20:17:51,448 INFO [main] Reporting: Module added successfully.
2025-08-08 20:17:52,063 INFO [main] Fetching zone data for roomType: Kitchen, currentZoneId: 66141f9a-0ba8-49a2-a187-df90a812586a, categoryId: 10001, subCategoryId: 10011
2025-08-08 20:17:52,982 INFO [main] Received response for zone data: Status code 200
2025-08-08 20:17:54,342 INFO [main] Received response for wardrobeMaterial data: Status code 200
2025-08-08 20:17:54,437 INFO [main] Processing component: Plain Shutter Left_b598c54c-090f-4812-86b6-40a84690d830
2025-08-08 20:17:54,437 INFO [main] Is Infill Component: false
2025-08-08 20:17:54,437 INFO [main] Found matching shutter material for component: Plain Shutter Left_b598c54c-090f-4812-86b6-40a84690d830
2025-08-08 20:17:54,437 INFO [main] Building shutter details for component: Plain Shutter Left_b598c54c-090f-4812-86b6-40a84690d830
2025-08-08 20:17:54,437 INFO [main] Fetching material color for materialType: shutter, materialId: 10004-10005
2025-08-08 20:17:54,769 INFO [main] Found matching color details for code: 10053 and Colour Name :Rose Granium 
2025-08-08 20:17:54,769 INFO [main] Processing component: Plain Shutter Right_2f697ae5-2602-4158-82e4-a1a577f9c19f
2025-08-08 20:17:54,769 INFO [main] Is Infill Component: false
2025-08-08 20:17:54,769 INFO [main] Found matching shutter material for component: Plain Shutter Right_2f697ae5-2602-4158-82e4-a1a577f9c19f
2025-08-08 20:17:54,769 INFO [main] Building shutter details for component: Plain Shutter Right_2f697ae5-2602-4158-82e4-a1a577f9c19f
2025-08-08 20:17:54,769 INFO [main] Fetching material color for materialType: shutter, materialId: 10004-10005
2025-08-08 20:17:55,133 INFO [main] Found matching color details for code: 10053 and Colour Name :Rose Granium 
2025-08-08 20:17:55,148 INFO [main] Components material map size: 2
2025-08-08 20:17:55,150 INFO [main] Group Panels material map size: 0
2025-08-08 20:17:59,449 INFO [main] Shutter material applied successfully for components.
2025-08-08 20:17:59,449 INFO [main] Shutter applied successfully for Module: b822f07a-2c9d-4bf7-9561-4410cc4be1f5-0
Applying colour for carcass: 10609
2025-08-08 20:17:59,449 INFO [main] Fetching zone data for roomType: Kitchen, currentZoneId: 66141f9a-0ba8-49a2-a187-df90a812586a, categoryId: 10001, subCategoryId: 10011
2025-08-08 20:18:00,507 INFO [main] Received response for zone data: Status code 200
2025-08-08 20:18:00,604 INFO [main] Fetching material color for materialType: cabinet, materialId: 10005
2025-08-08 20:18:01,317 INFO [main] Carcass applied successfully.
]]></system-out>
  </testcase>
  <testcase name="processMultipleRoomTypes[{shutterCoreCode=10075, depth=540, shutterCategory=WOODEN, moduleName=B1S1DR, width=600, s.no=9, moduleId=10015, shutterFinishCode=10004-10005, carcassCode=10005, height=750, shutterColourCode=10053, carcassColourCode=10609}](9)" classname="test.RoomConfigurationWithModuleAdditionTest" time="11.479">
    <system-out><![CDATA[2025-08-08 20:18:01,317 INFO [main] processMultipleRoomTypes Test Method started
10015
2025-08-08 20:18:01,853 INFO [main] Reporting: Adding custom zone for room ID: 63e48a8bd465493099604d5fc7074b3c
2025-08-08 20:18:02,249 INFO [main] Custom zone is successfully added
2025-08-08 20:18:02,259 INFO [main] Reporting: Custom zone added successfully with ID: 186f4635-3a87-48b5-afa5-af9348df8f72
600 X 540 X 750
2025-08-08 20:18:03,216 INFO [main] Module with dimensions is successfully added
2025-08-08 20:18:03,216 INFO [main] Reporting: Module added successfully.
2025-08-08 20:18:03,786 INFO [main] Fetching zone data for roomType: Kitchen, currentZoneId: 186f4635-3a87-48b5-afa5-af9348df8f72, categoryId: 10001, subCategoryId: 10011
2025-08-08 20:18:04,781 INFO [main] Received response for zone data: Status code 200
2025-08-08 20:18:06,311 INFO [main] Received response for wardrobeMaterial data: Status code 200
2025-08-08 20:18:06,408 INFO [main] Processing component: Plain Shutter_27555f23-a843-424f-875c-2de7034b49c7
2025-08-08 20:18:06,408 INFO [main] Is Infill Component: false
2025-08-08 20:18:06,408 INFO [main] Found matching shutter material for component: Plain Shutter_27555f23-a843-424f-875c-2de7034b49c7
2025-08-08 20:18:06,408 INFO [main] Building shutter details for component: Plain Shutter_27555f23-a843-424f-875c-2de7034b49c7
2025-08-08 20:18:06,408 INFO [main] Fetching material color for materialType: shutter, materialId: 10004-10005
2025-08-08 20:18:06,894 INFO [main] Found matching color details for code: 10053 and Colour Name :Rose Granium 
2025-08-08 20:18:06,894 INFO [main] Processing component: Drawer Facia_290d1e93-b9f1-443f-9fb2-bea5dc3876ea
2025-08-08 20:18:06,894 INFO [main] Is Infill Component: false
2025-08-08 20:18:06,894 INFO [main] Found matching shutter material for component: Drawer Facia_290d1e93-b9f1-443f-9fb2-bea5dc3876ea
2025-08-08 20:18:06,894 INFO [main] Building shutter details for component: Drawer Facia_290d1e93-b9f1-443f-9fb2-bea5dc3876ea
2025-08-08 20:18:06,894 INFO [main] Fetching material color for materialType: shutter, materialId: 10004-10005
2025-08-08 20:18:07,350 INFO [main] Found matching color details for code: 10053 and Colour Name :Rose Granium 
2025-08-08 20:18:07,350 INFO [main] Components material map size: 2
2025-08-08 20:18:07,350 INFO [main] Group Panels material map size: 0
2025-08-08 20:18:11,212 INFO [main] Shutter material applied successfully for components.
2025-08-08 20:18:11,212 INFO [main] Shutter applied successfully for Module: 2e0326a9-e7c3-4d1e-84fb-d98f44fafd90-0
Applying colour for carcass: 10609
2025-08-08 20:18:11,212 INFO [main] Fetching zone data for roomType: Kitchen, currentZoneId: 186f4635-3a87-48b5-afa5-af9348df8f72, categoryId: 10001, subCategoryId: 10011
2025-08-08 20:18:12,097 INFO [main] Received response for zone data: Status code 200
2025-08-08 20:18:12,197 INFO [main] Fetching material color for materialType: cabinet, materialId: 10005
2025-08-08 20:18:12,807 INFO [main] Carcass applied successfully.
]]></system-out>
  </testcase>
  <testcase name="processMultipleRoomTypes[{shutterCoreCode=10075, depth=540, shutterCategory=WOODEN, moduleName=B2S1DR, width=900, s.no=10, moduleId=10016, shutterFinishCode=10004-10005, carcassCode=10005, height=750, shutterColourCode=10053, carcassColourCode=10609}](10)" classname="test.RoomConfigurationWithModuleAdditionTest" time="12.007">
    <system-out><![CDATA[2025-08-08 20:18:12,807 INFO [main] processMultipleRoomTypes Test Method started
10016
2025-08-08 20:18:13,517 INFO [main] Reporting: Adding custom zone for room ID: 63e48a8bd465493099604d5fc7074b3c
2025-08-08 20:18:14,087 INFO [main] Custom zone is successfully added
2025-08-08 20:18:14,103 INFO [main] Reporting: Custom zone added successfully with ID: 82c9c6c6-0574-4611-9b2e-93e9ff536ee5
900 X 540 X 750
2025-08-08 20:18:14,624 INFO [main] Module with dimensions is successfully added
2025-08-08 20:18:14,624 INFO [main] Reporting: Module added successfully.
2025-08-08 20:18:15,018 INFO [main] Fetching zone data for roomType: Kitchen, currentZoneId: 82c9c6c6-0574-4611-9b2e-93e9ff536ee5, categoryId: 10001, subCategoryId: 10011
2025-08-08 20:18:16,154 INFO [main] Received response for zone data: Status code 200
2025-08-08 20:18:17,311 INFO [main] Received response for wardrobeMaterial data: Status code 200
2025-08-08 20:18:17,464 INFO [main] Processing component: Drawer Facia_5faa5dd5-63a8-4343-beec-4dd8f0fbde14
2025-08-08 20:18:17,464 INFO [main] Is Infill Component: false
2025-08-08 20:18:17,464 INFO [main] Found matching shutter material for component: Drawer Facia_5faa5dd5-63a8-4343-beec-4dd8f0fbde14
2025-08-08 20:18:17,464 INFO [main] Building shutter details for component: Drawer Facia_5faa5dd5-63a8-4343-beec-4dd8f0fbde14
2025-08-08 20:18:17,464 INFO [main] Fetching material color for materialType: shutter, materialId: 10004-10005
2025-08-08 20:18:18,032 INFO [main] Found matching color details for code: 10053 and Colour Name :Rose Granium 
2025-08-08 20:18:18,032 INFO [main] Processing component: Plain Shutter Right_e7ac49f4-83cd-4f71-a8c7-032d30651e79
2025-08-08 20:18:18,032 INFO [main] Is Infill Component: false
2025-08-08 20:18:18,032 INFO [main] Found matching shutter material for component: Plain Shutter Right_e7ac49f4-83cd-4f71-a8c7-032d30651e79
2025-08-08 20:18:18,047 INFO [main] Building shutter details for component: Plain Shutter Right_e7ac49f4-83cd-4f71-a8c7-032d30651e79
2025-08-08 20:18:18,048 INFO [main] Fetching material color for materialType: shutter, materialId: 10004-10005
2025-08-08 20:18:18,458 INFO [main] Found matching color details for code: 10053 and Colour Name :Rose Granium 
2025-08-08 20:18:18,458 INFO [main] Processing component: Plain Shutter Left_97957ad1-a6d9-46ab-ba8b-cee96db76ee8
2025-08-08 20:18:18,458 INFO [main] Is Infill Component: false
2025-08-08 20:18:18,458 INFO [main] Found matching shutter material for component: Plain Shutter Left_97957ad1-a6d9-46ab-ba8b-cee96db76ee8
2025-08-08 20:18:18,458 INFO [main] Building shutter details for component: Plain Shutter Left_97957ad1-a6d9-46ab-ba8b-cee96db76ee8
2025-08-08 20:18:18,458 INFO [main] Fetching material color for materialType: shutter, materialId: 10004-10005
2025-08-08 20:18:18,832 INFO [main] Found matching color details for code: 10053 and Colour Name :Rose Granium 
2025-08-08 20:18:18,832 INFO [main] Components material map size: 3
2025-08-08 20:18:18,832 INFO [main] Group Panels material map size: 0
2025-08-08 20:18:23,066 INFO [main] Shutter material applied successfully for components.
2025-08-08 20:18:23,066 INFO [main] Shutter applied successfully for Module: fc98dfb8-4e46-4221-bc63-f94a18efd7fd-0
Applying colour for carcass: 10609
2025-08-08 20:18:23,066 INFO [main] Fetching zone data for roomType: Kitchen, currentZoneId: 82c9c6c6-0574-4611-9b2e-93e9ff536ee5, categoryId: 10001, subCategoryId: 10011
2025-08-08 20:18:24,043 INFO [main] Received response for zone data: Status code 200
2025-08-08 20:18:24,138 INFO [main] Fetching material color for materialType: cabinet, materialId: 10005
2025-08-08 20:18:24,814 INFO [main] Carcass applied successfully.
]]></system-out>
  </testcase>
  <testcase name="computeLatestAndUpdateToLatestProjectPriceTest" classname="test.DefaultModulePriceAndErrorReportTest" time="9.458">
    <system-out><![CDATA[2025-08-08 20:18:24,828 INFO [main] computeLatestAndUpdateToLatestProjectPriceTest Test Method started
2025-08-08 20:18:31,681 INFO [main] computeLatestProjectPrice called successfully
computeLatestProjectPrice response: {
    "projectId": "6f04d0d8-5313-4cab-96ce-b2341a60a62b",
    "projectPrice": {
        "currentPrice": -27483.469,
        "latestVersionPrice": 343543.0
    },
    "roomPrices": null
}
2025-08-08 20:18:34,336 INFO [main] updateToLatestProjectPrice called successfully
updateToLatestProjectPrice response: {
    "id": "6f04d0d8-5313-4cab-96ce-b2341a60a62b",
    "price": 371026.44,
    "serviceCharges": 27483.469,
    "floors": [
        {
            "id": "8835bae3-850c-4af7-8e62-b7236badfeb0",
            "rooms": [
                {
                    "roomId": "8f11ee6bfdd14304846de5ec09a70f62",
                    "price": 205972.0,
                    "roomSelectedForQuote": true,
                    "increased": true,
                    "decreased": false
                },
                {
                    "roomId": "63e48a8bd465493099604d5fc7074b3c",
                    "price": 137571.0,
                    "roomSelectedForQuote": true,
                    "increased": true,
                    "decreased": false
                }
            ],
            "price": 343543.0
        }
    ]
}
]]></system-out>
  </testcase>
  <testcase name="extractAllModulePriceFromProject" classname="test.DefaultModulePriceAndErrorReportTest" time="2.932">
    <system-out><![CDATA[2025-08-08 20:18:34,350 INFO [main] extractAllModulePriceFromProject Test Method started
2025-08-08 20:18:37,269 INFO [main] Test report created with headers.
Processing zone: 3_9_10015_B1S1DR
2025-08-08 20:18:37,269 INFO [main] Test results added to report for  10015
Processing zone: 2_8_10014_G2S
2025-08-08 20:18:37,269 INFO [main] Test results added to report for  10014
Processing zone: 4_10_10016_B2S1DR
2025-08-08 20:18:37,269 INFO [main] Test results added to report for  10016
Processing zone: 1_7_10009_B4DR
2025-08-08 20:18:37,269 INFO [main] Test results added to report for  10009
Processing zone: 4_4_10006_B1DR
2025-08-08 20:18:37,285 INFO [main] Test results added to report for  10006
Processing zone: 1_1_10002_B1S
2025-08-08 20:18:37,285 INFO [main] Test results added to report for  10002
Processing zone: 5_5_10007_B2DR
2025-08-08 20:18:37,286 INFO [main] Test results added to report for  10007
Processing zone: 3_3_10005_B2S
2025-08-08 20:18:37,286 INFO [main] Test results added to report for  10005
Processing zone: 6_6_10008_B3DR
2025-08-08 20:18:37,286 INFO [main] Test results added to report for  10008
Processing zone: 2_2_10004_G1S
2025-08-08 20:18:37,286 INFO [main] Test results added to report for  10004
Zone module details report generated: reports/PriceReports/preProd/📅08-08-2025↘️/Ben-H-3000893630_ ⏰ 08.18.pm HL.csv
]]></system-out>
  </testcase>
  <testcase name="extractAllPricingErrorsFromProject" classname="test.DefaultModulePriceAndErrorReportTest" time="2.386">
    <system-out><![CDATA[2025-08-08 20:18:37,286 INFO [main] extractAllPricingErrorsFromProject Test Method started
Response Status Code: 200
2025-08-08 20:18:39,672 INFO [main] Test report created with headers.
Processing zone: 2_8_10014_G2S
2025-08-08 20:18:39,672 INFO [main] Test results added to report for  10014
Processing zone: 3_3_10005_B2S
2025-08-08 20:18:39,672 INFO [main] Test results added to report for  10005
Pricing error report generated: reports/ErrorReports/preProd/📅08-08-2025↘️/Ben-H-3000893630_ ⏰ 08.18.pm HL.csv
]]></system-out>
  </testcase>
</testsuite>