<?xml version="1.0" encoding="UTF-8"?>
<!-- Generated by org.testng.reporters.JUnitXMLReporter -->
<testsuite ignored="4" hostname="AST-LP-HL2360" failures="0" tests="8" name="EndMeetingAndPublishQuote" time="49.732" errors="0" timestamp="2025-11-09T10:22:19 IST">
  <testcase classname="test.DeleteAllRoomsInFloorTest" name="resetFloorPlan" time="0.397"/>
  <testcase classname="test.DeleteAllRoomsInFloorTest" name="deleteRooms" time="0.733"/>
  <testcase classname="test.RoomConfigurationWithModuleAdditionTest" name="configureRoomWithModulesAndMaterials" time="4.828"/>
  <testcase classname="test.RoomConfigurationWithModuleAdditionTest" name="configureRoomWithModulesAndMaterials" time="3.724"/>
  <testcase classname="test.RoomConfigurationWithModuleAdditionTest" name="configureRoomWithModulesAndMaterials" time="3.801"/>
  <testcase classname="test.RoomConfigurationWithModuleAdditionTest" name="configureRoomWithModulesAndMaterials" time="3.735"/>
  <testcase classname="test.RoomConfigurationWithModuleAdditionTest" name="configureRoomWithModulesAndMaterials" time="3.665"/>
  <testcase classname="test.EndMeetingAndPublishingQuoteTest" name="meetingEndAndPublishingQuote" time="28.561"/>
  <testcase classname="configurator.BaseClass" name="@BeforeSuite beforeSuite" time="0.0">
    <ignored/>
  </testcase> <!-- @BeforeSuite beforeSuite -->
  <testcase classname="configurator.BaseClass" name="@AfterSuite afterSuite" time="0.0">
    <ignored/>
  </testcase> <!-- @AfterSuite afterSuite -->
  <testcase classname="configurator.BaseClass" name="@BeforeSuite beforeSuite" time="0.0">
    <ignored/>
  </testcase> <!-- @BeforeSuite beforeSuite -->
  <testcase classname="configurator.BaseClass" name="@AfterSuite afterSuite" time="0.0">
    <ignored/>
  </testcase> <!-- @AfterSuite afterSuite -->
</testsuite> <!-- EndMeetingAndPublishQuote -->
