<?xml version="1.0" encoding="UTF-8"?>
<!-- Generated by org.testng.reporters.JUnitReportReporter -->
<testsuite hostname="AST-LP-HL2360" failures="1" tests="4" name="test.DefaultModulePriceAndErrorReportTest" time="34.347" errors="0" timestamp="2025-11-10T00:26:36 IST" skipped="1">
  <testcase classname="test.DefaultModulePriceAndErrorReportTest" name="computeLatestAndUpdateToLatestProjectPriceTest" time="31.630">
    <failure message="{
    &quot;errorId&quot;: &quot;8c52710e-5925-4320-87e6-c4562eace601&quot;,
    &quot;date&quot;: &quot;2025-11-09T18:56:32.603+00:00&quot;,
    &quot;message&quot;: &quot;No value present&quot;,
    &quot;details&quot;: &quot;[The stacktrace has been enhanced by Reactor, refer to additional information below: \nError has been observed at the following site(s):\n\t*__checkpoint ⇢ Handler com.homelane.spacecraft.scbackend.resources.price.PriceController#currentAndOldProjectPrice(String) [DispatcherHandler]\nOriginal Stack Trace:]&quot;
} expected [200] but found [500]" type="java.lang.AssertionError">
      <![CDATA[java.lang.AssertionError: {
    "errorId": "8c52710e-5925-4320-87e6-c4562eace601",
    "date": "2025-11-09T18:56:32.603+00:00",
    "message": "No value present",
    "details": "[The stacktrace has been enhanced by Reactor, refer to additional information below: \nError has been observed at the following site(s):\n\t*__checkpoint ⇢ Handler com.homelane.spacecraft.scbackend.resources.price.PriceController#currentAndOldProjectPrice(String) [DispatcherHandler]\nOriginal Stack Trace:]"
} expected [200] but found [500]
at org.testng.Assert.fail(Assert.java:111)
at org.testng.Assert.failNotEquals(Assert.java:1578)
at org.testng.Assert.assertEqualsImpl(Assert.java:150)
at org.testng.Assert.assertEquals(Assert.java:132)
at org.testng.Assert.assertEquals(Assert.java:1419)
at org.testng.Assert.assertEquals(Assert.java:1383)
at services.ScBackendService.computeLatestProjectPrice(ScBackendService.java:87)
at test.DefaultModulePriceAndErrorReportTest.computeLatestAndUpdateToLatestProjectPriceTest(DefaultModulePriceAndErrorReportTest.java:104)
at java.base/jdk.internal.reflect.DirectMethodHandleAccessor.invoke(DirectMethodHandleAccessor.java:103)
at java.base/java.lang.reflect.Method.invoke(Method.java:580)
at org.testng.internal.invokers.MethodInvocationHelper.invokeMethod(MethodInvocationHelper.java:141)
at org.testng.internal.invokers.TestInvoker.invokeMethod(TestInvoker.java:686)
at org.testng.internal.invokers.TestInvoker.invokeTestMethod(TestInvoker.java:230)
at org.testng.internal.invokers.MethodRunner.runInSequence(MethodRunner.java:63)
at org.testng.internal.invokers.TestInvoker$MethodInvocationAgent.invoke(TestInvoker.java:992)
at org.testng.internal.invokers.TestInvoker.invokeTestMethods(TestInvoker.java:203)
at org.testng.internal.invokers.TestMethodWorker.invokeTestMethods(TestMethodWorker.java:154)
at org.testng.internal.invokers.TestMethodWorker.run(TestMethodWorker.java:134)
at java.base/java.util.ArrayList.forEach(ArrayList.java:1597)
at org.testng.TestRunner.privateRun(TestRunner.java:739)
at org.testng.TestRunner.run(TestRunner.java:614)
at org.testng.SuiteRunner.runTest(SuiteRunner.java:421)
at org.testng.SuiteRunner.runSequentially(SuiteRunner.java:413)
at org.testng.SuiteRunner.privateRun(SuiteRunner.java:373)
at org.testng.SuiteRunner.run(SuiteRunner.java:312)
at org.testng.SuiteRunnerWorker.runSuite(SuiteRunnerWorker.java:52)
at org.testng.SuiteRunnerWorker.run(SuiteRunnerWorker.java:95)
at org.testng.TestNG.runSuitesSequentially(TestNG.java:1274)
at org.testng.TestNG.runSuitesLocally(TestNG.java:1208)
at org.testng.TestNG.runSuites(TestNG.java:1112)
at org.testng.TestNG.run(TestNG.java:1079)
at autoqa.controller.TestController.executeTest(TestController.java:208)
at autoqa.controller.TestController.lambda$runTestSuiteAsync$0(TestController.java:132)
at java.base/java.util.concurrent.ThreadPoolExecutor.runWorker(ThreadPoolExecutor.java:1144)
at java.base/java.util.concurrent.ThreadPoolExecutor$Worker.run(ThreadPoolExecutor.java:642)
at java.base/java.lang.Thread.run(Thread.java:1575)
]]>
    </failure>
  </testcase> <!-- computeLatestAndUpdateToLatestProjectPriceTest -->
  <testcase classname="test.DefaultModulePriceAndErrorReportTest" name="extractAllModulePriceFromProject" time="1.378"/>
  <testcase classname="test.DefaultModulePriceAndErrorReportTest" name="extractAllPricingErrorsFromProject" time="1.339"/>
  <testcase classname="test.DefaultModulePriceAndErrorReportTest" name="processMultipleRoomTypes">
    <skipped/>
  </testcase> <!-- processMultipleRoomTypes -->
</testsuite> <!-- test.DefaultModulePriceAndErrorReportTest -->
