<?xml version="1.0" encoding="UTF-8"?>
<!-- Generated by org.testng.reporters.JUnitReportReporter -->
<testsuite hostname="AST-LP-HL2360" failures="0" tests="5" name="test.RoomConfigurationWithModuleAdditionTest" time="15.124" errors="0" timestamp="2025-11-10T00:26:36 IST" skipped="0">
  <testcase classname="test.RoomConfigurationWithModuleAdditionTest" name="configureRoomWithModulesAndMaterials" time="2.742"/>
  <testcase classname="test.RoomConfigurationWithModuleAdditionTest" name="configureRoomWithModulesAndMaterials" time="2.782"/>
  <testcase classname="test.RoomConfigurationWithModuleAdditionTest" name="configureRoomWithModulesAndMaterials" time="3.944"/>
  <testcase classname="test.RoomConfigurationWithModuleAdditionTest" name="configureRoomWithModulesAndMaterials" time="2.852"/>
  <testcase classname="test.RoomConfigurationWithModuleAdditionTest" name="configureRoomWithModulesAndMaterials" time="2.804"/>
</testsuite> <!-- test.RoomConfigurationWithModuleAdditionTest -->
