<?xml version="1.0" encoding="UTF-8"?>
<!-- Generated by org.testng.reporters.JUnitReportReporter -->
<testsuite hostname="AST-LP-HL2360" failures="0" tests="2" name="test.DeleteAllRoomsInFloorTest" time="1.081" errors="0" timestamp="2025-11-09T15:20:19 IST" skipped="0">
  <testcase classname="test.DeleteAllRoomsInFloorTest" name="resetFloorPlan" time="0.613"/>
  <testcase classname="test.DeleteAllRoomsInFloorTest" name="deleteRooms" time="0.468"/>
</testsuite> <!-- test.DeleteAllRoomsInFloorTest -->
