<?xml version="1.0" encoding="UTF-8"?>
<!-- Generated by org.testng.reporters.JUnitReportReporter -->
<testsuite hostname="AST-LP-HL2360" failures="0" tests="4" name="test.DefaultModulePriceAndErrorReportTest" time="47.091" errors="0" timestamp="2025-11-09T15:20:19 IST" skipped="1">
  <testcase classname="test.DefaultModulePriceAndErrorReportTest" name="computeLatestAndUpdateToLatestProjectPriceTest" time="43.295"/>
  <testcase classname="test.DefaultModulePriceAndErrorReportTest" name="extractAllModulePriceFromProject" time="2.304"/>
  <testcase classname="test.DefaultModulePriceAndErrorReportTest" name="extractAllPricingErrorsFromProject" time="1.492"/>
  <testcase classname="test.DefaultModulePriceAndErrorReportTest" name="processMultipleRoomTypes">
    <skipped/>
  </testcase> <!-- processMultipleRoomTypes -->
</testsuite> <!-- test.DefaultModulePriceAndErrorReportTest -->
