<?xml version="1.0" encoding="UTF-8"?>
<!-- Generated by org.testng.reporters.JUnitReportReporter -->
<testsuite hostname="AST-LP-HL1808" failures="0" tests="10" name="test.RoomConfigurationWithModuleAdditionTest" time="110.726" errors="0" timestamp="2025-08-08T20:18:40 IST" skipped="0">
  <testcase classname="test.RoomConfigurationWithModuleAdditionTest" name="processMultipleRoomTypes" time="10.766"/>
  <testcase classname="test.RoomConfigurationWithModuleAdditionTest" name="processMultipleRoomTypes" time="10.476"/>
  <testcase classname="test.RoomConfigurationWithModuleAdditionTest" name="processMultipleRoomTypes" time="11.500"/>
  <testcase classname="test.RoomConfigurationWithModuleAdditionTest" name="processMultipleRoomTypes" time="9.974"/>
  <testcase classname="test.RoomConfigurationWithModuleAdditionTest" name="processMultipleRoomTypes" time="11.167"/>
  <testcase classname="test.RoomConfigurationWithModuleAdditionTest" name="processMultipleRoomTypes" time="12.007"/>
  <testcase classname="test.RoomConfigurationWithModuleAdditionTest" name="processMultipleRoomTypes" time="8.919"/>
  <testcase classname="test.RoomConfigurationWithModuleAdditionTest" name="processMultipleRoomTypes" time="11.531"/>
  <testcase classname="test.RoomConfigurationWithModuleAdditionTest" name="processMultipleRoomTypes" time="15.745"/>
  <testcase classname="test.RoomConfigurationWithModuleAdditionTest" name="processMultipleRoomTypes" time="8.641"/>
</testsuite> <!-- test.RoomConfigurationWithModuleAdditionTest -->
