<?xml version="1.0" encoding="UTF-8"?>
<!-- Generated by org.testng.reporters.JUnitReportReporter -->
<testsuite hostname="AST-LP-HL1808" failures="0" tests="4" name="test.DefaultModulePriceAndErrorReportTest" time="14.844" errors="0" timestamp="2025-08-08T20:18:40 IST" skipped="1">
  <testcase classname="test.DefaultModulePriceAndErrorReportTest" name="computeLatestAndUpdateToLatestProjectPriceTest" time="9.508"/>
  <testcase classname="test.DefaultModulePriceAndErrorReportTest" name="extractAllModulePriceFromProject" time="2.936"/>
  <testcase classname="test.DefaultModulePriceAndErrorReportTest" name="extractAllPricingErrorsFromProject" time="2.400"/>
  <testcase classname="test.DefaultModulePriceAndErrorReportTest" name="processMultipleRoomTypes">
    <skipped/>
  </testcase> <!-- processMultipleRoomTypes -->
</testsuite> <!-- test.DefaultModulePriceAndErrorReportTest -->
