<?xml version="1.0" encoding="UTF-8"?>
<!-- Generated by org.testng.reporters.JUnitReportReporter -->
<testsuite hostname="AST-LP-HL1808" failures="0" tests="2" name="test.DeleteAllRoomsInFloorTest" time="1.994" errors="0" timestamp="2025-08-08T20:18:40 IST" skipped="0">
  <testcase classname="test.DeleteAllRoomsInFloorTest" name="resetFloorPlan" time="1.158"/>
  <testcase classname="test.DeleteAllRoomsInFloorTest" name="deleteRooms" time="0.836"/>
</testsuite> <!-- test.DeleteAllRoomsInFloorTest -->
