<?xml version="1.0" encoding="UTF-8"?>
<!-- Generated by org.testng.reporters.JUnitXMLReporter -->
<testsuite ignored="5" hostname="AST-LP-HL1808" failures="0" tests="15" name="checking testng" time="127.734" errors="0" timestamp="2025-08-08T20:18:39 IST">
  <testcase classname="test.DeleteAllRoomsInFloorTest" name="resetFloorPlan" time="1.157"/>
  <testcase classname="test.DeleteAllRoomsInFloorTest" name="deleteRooms" time="0.82"/>
  <testcase classname="test.RoomConfigurationWithModuleAdditionTest" name="processMultipleRoomTypes" time="10.766"/>
  <testcase classname="test.RoomConfigurationWithModuleAdditionTest" name="processMultipleRoomTypes" time="8.919"/>
  <testcase classname="test.RoomConfigurationWithModuleAdditionTest" name="processMultipleRoomTypes" time="10.476"/>
  <testcase classname="test.RoomConfigurationWithModuleAdditionTest" name="processMultipleRoomTypes" time="8.64"/>
  <testcase classname="test.RoomConfigurationWithModuleAdditionTest" name="processMultipleRoomTypes" time="9.973"/>
  <testcase classname="test.RoomConfigurationWithModuleAdditionTest" name="processMultipleRoomTypes" time="11.152"/>
  <testcase classname="test.RoomConfigurationWithModuleAdditionTest" name="processMultipleRoomTypes" time="15.745"/>
  <testcase classname="test.RoomConfigurationWithModuleAdditionTest" name="processMultipleRoomTypes" time="11.531"/>
  <testcase classname="test.RoomConfigurationWithModuleAdditionTest" name="processMultipleRoomTypes" time="11.49"/>
  <testcase classname="test.RoomConfigurationWithModuleAdditionTest" name="processMultipleRoomTypes" time="12.007"/>
  <testcase classname="test.DefaultModulePriceAndErrorReportTest" name="computeLatestAndUpdateToLatestProjectPriceTest" time="9.508"/>
  <testcase classname="test.DefaultModulePriceAndErrorReportTest" name="extractAllModulePriceFromProject" time="2.936"/>
  <testcase classname="test.DefaultModulePriceAndErrorReportTest" name="extractAllPricingErrorsFromProject" time="2.386"/>
  <testcase classname="configurator.BaseClass" name="@BeforeSuite beforeSuite" time="0.0">
    <ignored/>
  </testcase> <!-- @BeforeSuite beforeSuite -->
  <testcase classname="configurator.BaseClass" name="@BeforeSuite beforeSuite" time="0.0">
    <ignored/>
  </testcase> <!-- @BeforeSuite beforeSuite -->
  <testcase classname="configurator.BaseClass" name="@AfterSuite afterSuite" time="0.0">
    <ignored/>
  </testcase> <!-- @AfterSuite afterSuite -->
  <testcase classname="configurator.BaseClass" name="@AfterSuite afterSuite" time="0.0">
    <ignored/>
  </testcase> <!-- @AfterSuite afterSuite -->
  <testcase classname="test.DefaultModulePriceAndErrorReportTest" name="processMultipleRoomTypes" time="0.0">
    <ignored/>
  </testcase> <!-- processMultipleRoomTypes -->
</testsuite> <!-- checking testng -->
